INFO:root:Refreshing active_rosters table 2019-01-19 19:33:37.726612
INFO:root:Refreshing active_rosters table 2019-01-19 19:41:27.239998
INFO:root:Active_rosters table refresh complete 2019-01-19 19:41:32.530026
INFO:root:Refreshing injured_players table 2019-01-19 19:41:32.532684
INFO:root:Injured_players table refresh complete 2019-01-19 19:41:35.401301
INFO:root:Refreshing active_rosters table 2019-01-19 19:46:10.102570
INFO:root:Active_rosters table refresh complete 2019-01-19 19:46:14.641309
INFO:root:Refreshing injured_players table 2019-01-19 19:46:14.646529
INFO:root:Injured_players table refresh complete 2019-01-19 19:46:18.044626
INFO:root:Refreshing active_rosters table 2019-01-20 19:48:19.882030
INFO:root:Active_rosters table refresh complete 2019-01-20 19:48:24.778834
INFO:root:Refreshing injured_players table 2019-01-20 19:48:24.781827
INFO:root:Injured_players table refresh complete 2019-01-20 19:48:28.075153
INFO:root:Refreshing active_rosters table 2019-01-21 15:15:36.409178
INFO:root:Active_rosters table refresh complete 2019-01-21 15:15:41.116243
INFO:root:Refreshing injured_players table 2019-01-21 15:15:41.118938
INFO:root:Injured_players table refresh complete 2019-01-21 15:15:44.296815
INFO:root:Refreshing active_rosters table 2019-01-21 15:29:05.547478
INFO:root:Active_rosters table refresh complete 2019-01-21 15:29:09.982844
INFO:root:Refreshing injured_players table 2019-01-21 15:29:09.985516
INFO:root:Injured_players table refresh complete 2019-01-21 15:29:12.967027
INFO:root:Refreshing active_rosters table 2019-01-21 15:30:10.293572
INFO:root:Active_rosters table refresh complete 2019-01-21 15:30:14.476247
INFO:root:Refreshing injured_players table 2019-01-21 15:30:14.477018
INFO:root:Injured_players table refresh complete 2019-01-21 15:30:16.846357
INFO:root:Algo refresh intialized 2019-01-21 15:30:22.298702
INFO:root:Refreshing active_rosters table 2019-01-21 16:40:03.718808
INFO:root:Active_rosters table refresh complete 2019-01-21 16:40:08.244245
INFO:root:Refreshing injured_players table 2019-01-21 16:40:08.245007
INFO:root:Injured_players table refresh complete 2019-01-21 16:40:11.434675
INFO:root:Algo refresh intialized 2019-01-21 16:40:17.154264
INFO:root:SQL executed successfully: /Users/Philip/Documents/NBA prediction script/Incremental Pipelines/production_insert_statements/primary_queries/V2_team_info.sql at 2019-01-21 16:40:17.167418
INFO:root:SQL executed successfully: /Users/Philip/Documents/NBA prediction script/Incremental Pipelines/production_insert_statements/primary_queries/V3_box_score_map.sql at 2019-01-21 16:40:20.182722
INFO:root:SQL executed successfully: /Users/Philip/Documents/NBA prediction script/Incremental Pipelines/production_insert_statements/primary_queries/V1_player_info.sql at 2019-01-21 16:40:20.210152
INFO:root:SQL executed successfully: /Users/Philip/Documents/NBA prediction script/Incremental Pipelines/production_insert_statements/multithread/logrithmic_c.sql at 2019-01-21 16:40:20.283351
INFO:root:SQL executed successfully: /Users/Philip/Documents/NBA prediction script/Incremental Pipelines/production_insert_statements/multithread/team_standings.sql at 2019-01-21 16:40:20.305422
INFO:root:SQL executed successfully: /Users/Philip/Documents/NBA prediction script/Incremental Pipelines/production_insert_statements/multithread/3pt.sql at 2019-01-21 16:40:20.315438
INFO:root:SQL executed successfully: /Users/Philip/Documents/NBA prediction script/Incremental Pipelines/production_insert_statements/multithread/player_predictions.sql at 2019-01-21 16:40:20.544554
INFO:root:SQL executed successfully: /Users/Philip/Documents/NBA prediction script/Incremental Pipelines/production_insert_statements/multithread/regularseasonmisctotals.sql at 2019-01-21 16:40:20.731085
INFO:root:SQL executed successfully: /Users/Philip/Documents/NBA prediction script/Incremental Pipelines/production_insert_statements/multithread/total_points_predictions.sql at 2019-01-21 16:40:20.755608
INFO:root:SQL executed successfully: /Users/Philip/Documents/NBA prediction script/Incremental Pipelines/production_insert_statements/multithread/fg_pct.sql at 2019-01-21 16:40:20.781527
INFO:root:SQL executed successfully: /Users/Philip/Documents/NBA prediction script/Incremental Pipelines/production_insert_statements/multithread/pipeline_auditlog.sql at 2019-01-21 16:40:20.799615
INFO:root:SQL executed successfully: /Users/Philip/Documents/NBA prediction script/Incremental Pipelines/production_insert_statements/multithread/regularseasontotal.sql at 2019-01-21 16:40:20.873681
INFO:root:SQL executed successfully: /Users/Philip/Documents/NBA prediction script/Incremental Pipelines/production_insert_statements/multithread/regular_season_avg.sql at 2019-01-21 16:40:20.903099
INFO:root:SQL executed successfully: /Users/Philip/Documents/NBA prediction script/Incremental Pipelines/production_insert_statements/multithread/active_rosters.sql at 2019-01-21 16:40:21.119656
INFO:root:SQL executed successfully: /Users/Philip/Documents/NBA prediction script/Incremental Pipelines/production_insert_statements/multithread/rebounds.sql at 2019-01-21 16:40:21.142898
INFO:root:SQL executed successfully: /Users/Philip/Documents/NBA prediction script/Incremental Pipelines/production_insert_statements/multithread/player_team_map.sql at 2019-01-21 16:40:26.820191
INFO:root:SQL executed successfully: /Users/Philip/Documents/NBA prediction script/Incremental Pipelines/production_insert_statements/multithread/team_figure4_boxscore_stats.sql at 2019-01-21 16:40:35.948066
INFO:root:SQL executed successfully: /Users/Philip/Documents/NBA prediction script/Incremental Pipelines/production_insert_statements/multithread/lasso_alphas.sql at 2019-01-21 16:40:35.974386
INFO:root:SQL executed successfully: /Users/Philip/Documents/NBA prediction script/Incremental Pipelines/production_insert_statements/multithread/injured_players.sql at 2019-01-21 16:40:35.990339
INFO:root:SQL executed successfully: /Users/Philip/Documents/NBA prediction script/Incremental Pipelines/production_insert_statements/multithread/team_misc_boxscore_stats.sql at 2019-01-21 16:40:36.897482
INFO:root:SQL executed successfully: /Users/Philip/Documents/NBA prediction script/Incremental Pipelines/production_insert_statements/multithread/win_probability_results.sql at 2019-01-21 16:40:36.944122
INFO:root:SQL executed successfully: /Users/Philip/Documents/NBA prediction script/Incremental Pipelines/production_insert_statements/multithread/team_traditional_boxscore_stats.sql at 2019-01-21 16:40:37.965685
INFO:root:SQL executed successfully: /Users/Philip/Documents/NBA prediction script/Incremental Pipelines/production_insert_statements/multithread/game_results.sql at 2019-01-21 16:40:38.662573
INFO:root:SQL executed successfully: /Users/Philip/Documents/NBA prediction script/Incremental Pipelines/production_insert_statements/multithread/pts.sql at 2019-01-21 16:40:38.687821
INFO:root:SQL executed successfully: /Users/Philip/Documents/NBA prediction script/Incremental Pipelines/production_insert_statements/multithread/turnovers.sql at 2019-01-21 16:40:38.711640
INFO:root:SQL executed successfully: /Users/Philip/Documents/NBA prediction script/Incremental Pipelines/production_insert_statements/multithread/game_date_lu.sql at 2019-01-21 16:40:38.807682
INFO:root:SQL executed successfully: /Users/Philip/Documents/NBA prediction script/Incremental Pipelines/production_insert_statements/multithread/team_scoring_boxscore_stats.sql at 2019-01-21 16:40:42.807016
INFO:root:SQL executed successfully: /Users/Philip/Documents/NBA prediction script/Incremental Pipelines/production_insert_statements/multithread/team_advanced_boxscore_stats.sql at 2019-01-21 16:40:50.029639
INFO:root:SQL executed successfully: /Users/Philip/Documents/NBA prediction script/Incremental Pipelines/production_insert_statements/multithread/test_basic_stats.sql at 2019-01-21 16:40:52.028314
INFO:root:SQL executed successfully: /Users/Philip/Documents/NBA prediction script/Incremental Pipelines/production_insert_statements/multithread/test_advanced_stats.sql at 2019-01-21 16:41:02.888421
INFO:root:SQL executed successfully: /Users/Philip/Documents/NBA prediction script/Incremental Pipelines/production_insert_statements/multithread/player_misc_stats.sql at 2019-01-21 16:41:46.147162
INFO:root:SQL executed successfully: /Users/Philip/Documents/NBA prediction script/Incremental Pipelines/production_insert_statements/multithread/player_scoring_stats.sql at 2019-01-21 16:41:46.494030
INFO:root:SQL executed successfully: /Users/Philip/Documents/NBA prediction script/Incremental Pipelines/production_insert_statements/multithread/player_usage_stats.sql at 2019-01-21 16:41:47.248343
INFO:root:Refreshing active_rosters table 2019-01-21 16:43:07.751818
INFO:root:Active_rosters table refresh complete 2019-01-21 16:43:12.302728
INFO:root:Refreshing injured_players table 2019-01-21 16:43:12.305513
INFO:root:Injured_players table refresh complete 2019-01-21 16:43:15.276247
INFO:root:Algo refresh intialized 2019-01-21 16:43:20.981127
INFO:root:SQL executed successfully: /Users/Philip/Documents/NBA prediction script/Incremental Pipelines/production_insert_statements/primary_queries/V2_team_info.sql at 2019-01-21 16:43:20.993617
INFO:root:SQL executed successfully: /Users/Philip/Documents/NBA prediction script/Incremental Pipelines/production_insert_statements/primary_queries/V3_box_score_map.sql at 2019-01-21 16:43:24.104988
INFO:root:SQL executed successfully: /Users/Philip/Documents/NBA prediction script/Incremental Pipelines/production_insert_statements/primary_queries/V1_player_info.sql at 2019-01-21 16:43:24.135004
INFO:root:SQL executed successfully: /Users/Philip/Documents/NBA prediction script/Incremental Pipelines/production_insert_statements/multithread/logrithmic_c.sql at 2019-01-21 16:43:24.214414
INFO:root:SQL executed successfully: /Users/Philip/Documents/NBA prediction script/Incremental Pipelines/production_insert_statements/multithread/team_standings.sql at 2019-01-21 16:43:24.237045
INFO:root:SQL executed successfully: /Users/Philip/Documents/NBA prediction script/Incremental Pipelines/production_insert_statements/multithread/3pt.sql at 2019-01-21 16:43:24.251948
INFO:root:SQL executed successfully: /Users/Philip/Documents/NBA prediction script/Incremental Pipelines/production_insert_statements/multithread/player_predictions.sql at 2019-01-21 16:43:24.494157
INFO:root:SQL executed successfully: /Users/Philip/Documents/NBA prediction script/Incremental Pipelines/production_insert_statements/multithread/regularseasonmisctotals.sql at 2019-01-21 16:43:24.618808
INFO:root:SQL executed successfully: /Users/Philip/Documents/NBA prediction script/Incremental Pipelines/production_insert_statements/multithread/total_points_predictions.sql at 2019-01-21 16:43:24.648785
INFO:root:SQL executed successfully: /Users/Philip/Documents/NBA prediction script/Incremental Pipelines/production_insert_statements/multithread/fg_pct.sql at 2019-01-21 16:43:24.678143
INFO:root:SQL executed successfully: /Users/Philip/Documents/NBA prediction script/Incremental Pipelines/production_insert_statements/multithread/pipeline_auditlog.sql at 2019-01-21 16:43:24.693234
INFO:root:SQL executed successfully: /Users/Philip/Documents/NBA prediction script/Incremental Pipelines/production_insert_statements/multithread/regularseasontotal.sql at 2019-01-21 16:43:24.800820
INFO:root:SQL executed successfully: /Users/Philip/Documents/NBA prediction script/Incremental Pipelines/production_insert_statements/multithread/regular_season_avg.sql at 2019-01-21 16:43:24.829227
INFO:root:SQL executed successfully: /Users/Philip/Documents/NBA prediction script/Incremental Pipelines/production_insert_statements/multithread/active_rosters.sql at 2019-01-21 16:43:25.066744
INFO:root:SQL executed successfully: /Users/Philip/Documents/NBA prediction script/Incremental Pipelines/production_insert_statements/multithread/rebounds.sql at 2019-01-21 16:43:25.086978
INFO:root:SQL executed successfully: /Users/Philip/Documents/NBA prediction script/Incremental Pipelines/production_insert_statements/multithread/player_team_map.sql at 2019-01-21 16:43:30.928866
INFO:root:SQL executed successfully: /Users/Philip/Documents/NBA prediction script/Incremental Pipelines/production_insert_statements/multithread/team_figure4_boxscore_stats.sql at 2019-01-21 16:43:39.939662
INFO:root:SQL executed successfully: /Users/Philip/Documents/NBA prediction script/Incremental Pipelines/production_insert_statements/multithread/lasso_alphas.sql at 2019-01-21 16:43:39.974862
INFO:root:SQL executed successfully: /Users/Philip/Documents/NBA prediction script/Incremental Pipelines/production_insert_statements/multithread/injured_players.sql at 2019-01-21 16:43:39.993896
INFO:root:SQL executed successfully: /Users/Philip/Documents/NBA prediction script/Incremental Pipelines/production_insert_statements/multithread/team_misc_boxscore_stats.sql at 2019-01-21 16:43:40.867937
INFO:root:SQL executed successfully: /Users/Philip/Documents/NBA prediction script/Incremental Pipelines/production_insert_statements/multithread/win_probability_results.sql at 2019-01-21 16:43:40.890959
INFO:root:SQL executed successfully: /Users/Philip/Documents/NBA prediction script/Incremental Pipelines/production_insert_statements/multithread/team_traditional_boxscore_stats.sql at 2019-01-21 16:43:41.590049
INFO:root:SQL executed successfully: /Users/Philip/Documents/NBA prediction script/Incremental Pipelines/production_insert_statements/multithread/game_results.sql at 2019-01-21 16:43:42.148275
INFO:root:SQL executed successfully: /Users/Philip/Documents/NBA prediction script/Incremental Pipelines/production_insert_statements/multithread/pts.sql at 2019-01-21 16:43:42.195362
INFO:root:SQL executed successfully: /Users/Philip/Documents/NBA prediction script/Incremental Pipelines/production_insert_statements/multithread/turnovers.sql at 2019-01-21 16:43:42.222632
INFO:root:SQL executed successfully: /Users/Philip/Documents/NBA prediction script/Incremental Pipelines/production_insert_statements/multithread/game_date_lu.sql at 2019-01-21 16:43:42.315897
INFO:root:SQL executed successfully: /Users/Philip/Documents/NBA prediction script/Incremental Pipelines/production_insert_statements/multithread/team_scoring_boxscore_stats.sql at 2019-01-21 16:43:46.864635
INFO:root:SQL executed successfully: /Users/Philip/Documents/NBA prediction script/Incremental Pipelines/production_insert_statements/multithread/team_advanced_boxscore_stats.sql at 2019-01-21 16:43:53.961318
INFO:root:SQL executed successfully: /Users/Philip/Documents/NBA prediction script/Incremental Pipelines/production_insert_statements/multithread/test_basic_stats.sql at 2019-01-21 16:43:55.633788
INFO:root:SQL executed successfully: /Users/Philip/Documents/NBA prediction script/Incremental Pipelines/production_insert_statements/multithread/test_advanced_stats.sql at 2019-01-21 16:44:06.608283
INFO:root:SQL executed successfully: /Users/Philip/Documents/NBA prediction script/Incremental Pipelines/production_insert_statements/multithread/player_misc_stats.sql at 2019-01-21 16:44:50.004211
INFO:root:SQL executed successfully: /Users/Philip/Documents/NBA prediction script/Incremental Pipelines/production_insert_statements/multithread/player_scoring_stats.sql at 2019-01-21 16:44:50.574163
INFO:root:SQL executed successfully: /Users/Philip/Documents/NBA prediction script/Incremental Pipelines/production_insert_statements/multithread/player_usage_stats.sql at 2019-01-21 16:44:51.056944
INFO:root:Refreshing active_rosters table 2019-01-21 16:46:00.882617
INFO:root:Active_rosters table refresh complete 2019-01-21 16:46:05.609156
INFO:root:Refreshing injured_players table 2019-01-21 16:46:05.609737
INFO:root:Injured_players table refresh complete 2019-01-21 16:46:08.504732
INFO:root:Algo refresh intialized 2019-01-21 16:46:14.220101
INFO:root:SQL executed successfully: /Users/Philip/Documents/NBA prediction script/Incremental Pipelines/production_insert_statements/primary_queries/V2_team_info.sql at 2019-01-21 16:46:14.232651
INFO:root:SQL executed successfully: /Users/Philip/Documents/NBA prediction script/Incremental Pipelines/production_insert_statements/primary_queries/V3_box_score_map.sql at 2019-01-21 16:46:17.367183
INFO:root:SQL executed successfully: /Users/Philip/Documents/NBA prediction script/Incremental Pipelines/production_insert_statements/primary_queries/V1_player_info.sql at 2019-01-21 16:46:17.396727
INFO:root:SQL executed successfully: /Users/Philip/Documents/NBA prediction script/Incremental Pipelines/production_insert_statements/multithread/.DS_Store at 2019-01-21 16:46:17.458752
INFO:root:SQL executed successfully: /Users/Philip/Documents/NBA prediction script/Incremental Pipelines/production_insert_statements/multithread/logrithmic_c.sql at 2019-01-21 16:46:17.470401
INFO:root:SQL executed successfully: /Users/Philip/Documents/NBA prediction script/Incremental Pipelines/production_insert_statements/multithread/team_standings.sql at 2019-01-21 16:46:17.493693
INFO:root:SQL executed successfully: /Users/Philip/Documents/NBA prediction script/Incremental Pipelines/production_insert_statements/multithread/3pt.sql at 2019-01-21 16:46:17.504820
INFO:root:SQL executed successfully: /Users/Philip/Documents/NBA prediction script/Incremental Pipelines/production_insert_statements/multithread/player_predictions.sql at 2019-01-21 16:46:17.743592
INFO:root:SQL executed successfully: /Users/Philip/Documents/NBA prediction script/Incremental Pipelines/production_insert_statements/multithread/regularseasonmisctotals.sql at 2019-01-21 16:46:17.924161
INFO:root:SQL executed successfully: /Users/Philip/Documents/NBA prediction script/Incremental Pipelines/production_insert_statements/multithread/total_points_predictions.sql at 2019-01-21 16:46:17.946924
INFO:root:SQL executed successfully: /Users/Philip/Documents/NBA prediction script/Incremental Pipelines/production_insert_statements/multithread/fg_pct.sql at 2019-01-21 16:46:17.972595
INFO:root:SQL executed successfully: /Users/Philip/Documents/NBA prediction script/Incremental Pipelines/production_insert_statements/multithread/pipeline_auditlog.sql at 2019-01-21 16:46:17.990175
INFO:root:SQL executed successfully: /Users/Philip/Documents/NBA prediction script/Incremental Pipelines/production_insert_statements/multithread/regularseasontotal.sql at 2019-01-21 16:46:18.050016
INFO:root:SQL executed successfully: /Users/Philip/Documents/NBA prediction script/Incremental Pipelines/production_insert_statements/multithread/regular_season_avg.sql at 2019-01-21 16:46:18.104058
INFO:root:SQL executed successfully: /Users/Philip/Documents/NBA prediction script/Incremental Pipelines/production_insert_statements/multithread/active_rosters.sql at 2019-01-21 16:46:18.331958
INFO:root:SQL executed successfully: /Users/Philip/Documents/NBA prediction script/Incremental Pipelines/production_insert_statements/multithread/rebounds.sql at 2019-01-21 16:46:18.352590
INFO:root:SQL executed successfully: /Users/Philip/Documents/NBA prediction script/Incremental Pipelines/production_insert_statements/multithread/player_team_map.sql at 2019-01-21 16:46:24.154353
INFO:root:SQL executed successfully: /Users/Philip/Documents/NBA prediction script/Incremental Pipelines/production_insert_statements/multithread/team_figure4_boxscore_stats.sql at 2019-01-21 16:46:33.326999
INFO:root:SQL executed successfully: /Users/Philip/Documents/NBA prediction script/Incremental Pipelines/production_insert_statements/multithread/lasso_alphas.sql at 2019-01-21 16:46:33.343820
INFO:root:SQL executed successfully: /Users/Philip/Documents/NBA prediction script/Incremental Pipelines/production_insert_statements/multithread/injured_players.sql at 2019-01-21 16:46:33.371860
INFO:root:SQL executed successfully: /Users/Philip/Documents/NBA prediction script/Incremental Pipelines/production_insert_statements/multithread/team_misc_boxscore_stats.sql at 2019-01-21 16:46:34.330749
INFO:root:SQL executed successfully: /Users/Philip/Documents/NBA prediction script/Incremental Pipelines/production_insert_statements/multithread/win_probability_results.sql at 2019-01-21 16:46:34.355790
INFO:root:SQL executed successfully: /Users/Philip/Documents/NBA prediction script/Incremental Pipelines/production_insert_statements/multithread/team_traditional_boxscore_stats.sql at 2019-01-21 16:46:35.082990
INFO:root:SQL executed successfully: /Users/Philip/Documents/NBA prediction script/Incremental Pipelines/production_insert_statements/multithread/game_results.sql at 2019-01-21 16:46:35.701399
INFO:root:SQL executed successfully: /Users/Philip/Documents/NBA prediction script/Incremental Pipelines/production_insert_statements/multithread/pts.sql at 2019-01-21 16:46:35.729807
INFO:root:SQL executed successfully: /Users/Philip/Documents/NBA prediction script/Incremental Pipelines/production_insert_statements/multithread/turnovers.sql at 2019-01-21 16:46:35.752234
INFO:root:SQL executed successfully: /Users/Philip/Documents/NBA prediction script/Incremental Pipelines/production_insert_statements/multithread/game_date_lu.sql at 2019-01-21 16:46:35.845317
INFO:root:SQL executed successfully: /Users/Philip/Documents/NBA prediction script/Incremental Pipelines/production_insert_statements/multithread/team_scoring_boxscore_stats.sql at 2019-01-21 16:46:40.325025
INFO:root:SQL executed successfully: /Users/Philip/Documents/NBA prediction script/Incremental Pipelines/production_insert_statements/multithread/team_advanced_boxscore_stats.sql at 2019-01-21 16:46:47.517286
INFO:root:SQL executed successfully: /Users/Philip/Documents/NBA prediction script/Incremental Pipelines/production_insert_statements/multithread/test_basic_stats.sql at 2019-01-21 16:46:49.486942
INFO:root:SQL executed successfully: /Users/Philip/Documents/NBA prediction script/Incremental Pipelines/production_insert_statements/multithread/test_advanced_stats.sql at 2019-01-21 16:47:00.867034
INFO:root:SQL executed successfully: /Users/Philip/Documents/NBA prediction script/Incremental Pipelines/production_insert_statements/multithread/player_misc_stats.sql at 2019-01-21 16:47:46.687054
INFO:root:SQL executed successfully: /Users/Philip/Documents/NBA prediction script/Incremental Pipelines/production_insert_statements/multithread/player_scoring_stats.sql at 2019-01-21 16:47:47.017202
INFO:root:SQL executed successfully: /Users/Philip/Documents/NBA prediction script/Incremental Pipelines/production_insert_statements/multithread/player_usage_stats.sql at 2019-01-21 16:47:47.251506
INFO:root:Refreshing active_rosters table 2019-01-22 20:30:35.800419
INFO:root:Active_rosters table refresh complete 2019-01-22 20:30:42.523763
INFO:root:Refreshing injured_players table 2019-01-22 20:30:42.526456
INFO:root:Injured_players table refresh complete 2019-01-22 20:30:46.658600
INFO:root:Algo refresh intialized 2019-01-22 20:30:52.676315
INFO:root:SQL executed successfully: /Users/Philip/Documents/NBA prediction script/Incremental Pipelines/production_insert_statements/primary_queries/V2_team_info.sql at 2019-01-22 20:30:52.692450
INFO:root:SQL executed successfully: /Users/Philip/Documents/NBA prediction script/Incremental Pipelines/production_insert_statements/primary_queries/V3_box_score_map.sql at 2019-01-22 20:30:55.877947
INFO:root:SQL executed successfully: /Users/Philip/Documents/NBA prediction script/Incremental Pipelines/production_insert_statements/primary_queries/V1_player_info.sql at 2019-01-22 20:30:55.907759
INFO:root:SQL executed successfully: /Users/Philip/Documents/NBA prediction script/Incremental Pipelines/production_insert_statements/multithread/logrithmic_c.sql at 2019-01-22 20:30:55.983052
INFO:root:SQL executed successfully: /Users/Philip/Documents/NBA prediction script/Incremental Pipelines/production_insert_statements/multithread/team_standings.sql at 2019-01-22 20:30:56.010450
INFO:root:SQL executed successfully: /Users/Philip/Documents/NBA prediction script/Incremental Pipelines/production_insert_statements/multithread/3pt.sql at 2019-01-22 20:30:56.021703
INFO:root:SQL executed successfully: /Users/Philip/Documents/NBA prediction script/Incremental Pipelines/production_insert_statements/multithread/player_predictions.sql at 2019-01-22 20:30:56.256230
INFO:root:SQL executed successfully: /Users/Philip/Documents/NBA prediction script/Incremental Pipelines/production_insert_statements/multithread/regularseasonmisctotals.sql at 2019-01-22 20:30:56.437706
INFO:root:SQL executed successfully: /Users/Philip/Documents/NBA prediction script/Incremental Pipelines/production_insert_statements/multithread/total_points_predictions.sql at 2019-01-22 20:30:56.461903
INFO:root:SQL executed successfully: /Users/Philip/Documents/NBA prediction script/Incremental Pipelines/production_insert_statements/multithread/fg_pct.sql at 2019-01-22 20:30:56.485342
INFO:root:SQL executed successfully: /Users/Philip/Documents/NBA prediction script/Incremental Pipelines/production_insert_statements/multithread/pipeline_auditlog.sql at 2019-01-22 20:30:56.500348
INFO:root:SQL executed successfully: /Users/Philip/Documents/NBA prediction script/Incremental Pipelines/production_insert_statements/multithread/regularseasontotal.sql at 2019-01-22 20:30:56.602069
INFO:root:SQL executed successfully: /Users/Philip/Documents/NBA prediction script/Incremental Pipelines/production_insert_statements/multithread/regular_season_avg.sql at 2019-01-22 20:30:56.653981
INFO:root:SQL executed successfully: /Users/Philip/Documents/NBA prediction script/Incremental Pipelines/production_insert_statements/multithread/active_rosters.sql at 2019-01-22 20:30:56.908999
INFO:root:SQL executed successfully: /Users/Philip/Documents/NBA prediction script/Incremental Pipelines/production_insert_statements/multithread/rebounds.sql at 2019-01-22 20:30:56.943716
INFO:root:SQL executed successfully: /Users/Philip/Documents/NBA prediction script/Incremental Pipelines/production_insert_statements/multithread/player_team_map.sql at 2019-01-22 20:31:02.624072
INFO:root:SQL executed successfully: /Users/Philip/Documents/NBA prediction script/Incremental Pipelines/production_insert_statements/multithread/team_figure4_boxscore_stats.sql at 2019-01-22 20:31:11.407799
INFO:root:SQL executed successfully: /Users/Philip/Documents/NBA prediction script/Incremental Pipelines/production_insert_statements/multithread/lasso_alphas.sql at 2019-01-22 20:31:11.438130
INFO:root:SQL executed successfully: /Users/Philip/Documents/NBA prediction script/Incremental Pipelines/production_insert_statements/multithread/injured_players.sql at 2019-01-22 20:31:11.460355
INFO:root:SQL executed successfully: /Users/Philip/Documents/NBA prediction script/Incremental Pipelines/production_insert_statements/multithread/team_misc_boxscore_stats.sql at 2019-01-22 20:31:12.489963
INFO:root:SQL executed successfully: /Users/Philip/Documents/NBA prediction script/Incremental Pipelines/production_insert_statements/multithread/win_probability_results.sql at 2019-01-22 20:31:12.521734
INFO:root:SQL executed successfully: /Users/Philip/Documents/NBA prediction script/Incremental Pipelines/production_insert_statements/multithread/team_traditional_boxscore_stats.sql at 2019-01-22 20:31:13.257889
INFO:root:SQL executed successfully: /Users/Philip/Documents/NBA prediction script/Incremental Pipelines/production_insert_statements/multithread/game_results.sql at 2019-01-22 20:31:13.827182
INFO:root:SQL executed successfully: /Users/Philip/Documents/NBA prediction script/Incremental Pipelines/production_insert_statements/multithread/pts.sql at 2019-01-22 20:31:13.852408
INFO:root:SQL executed successfully: /Users/Philip/Documents/NBA prediction script/Incremental Pipelines/production_insert_statements/multithread/turnovers.sql at 2019-01-22 20:31:13.880456
INFO:root:SQL executed successfully: /Users/Philip/Documents/NBA prediction script/Incremental Pipelines/production_insert_statements/multithread/game_date_lu.sql at 2019-01-22 20:31:13.973265
INFO:root:SQL executed successfully: /Users/Philip/Documents/NBA prediction script/Incremental Pipelines/production_insert_statements/multithread/team_scoring_boxscore_stats.sql at 2019-01-22 20:31:18.160923
INFO:root:SQL executed successfully: /Users/Philip/Documents/NBA prediction script/Incremental Pipelines/production_insert_statements/multithread/team_advanced_boxscore_stats.sql at 2019-01-22 20:31:24.898305
INFO:root:SQL executed successfully: /Users/Philip/Documents/NBA prediction script/Incremental Pipelines/production_insert_statements/multithread/test_basic_stats.sql at 2019-01-22 20:31:26.940114
INFO:root:SQL executed successfully: /Users/Philip/Documents/NBA prediction script/Incremental Pipelines/production_insert_statements/multithread/test_advanced_stats.sql at 2019-01-22 20:31:36.892824
INFO:root:SQL executed successfully: /Users/Philip/Documents/NBA prediction script/Incremental Pipelines/production_insert_statements/multithread/player_misc_stats.sql at 2019-01-22 20:32:22.160383
INFO:root:SQL executed successfully: /Users/Philip/Documents/NBA prediction script/Incremental Pipelines/production_insert_statements/multithread/player_scoring_stats.sql at 2019-01-22 20:32:22.298567
INFO:root:SQL executed successfully: /Users/Philip/Documents/NBA prediction script/Incremental Pipelines/production_insert_statements/multithread/player_usage_stats.sql at 2019-01-22 20:32:22.868932
INFO:root:Refreshing active_rosters table 2019-01-26 20:31:41.623963
INFO:root:Active_rosters table refresh complete 2019-01-26 20:31:46.321225
INFO:root:Refreshing injured_players table 2019-01-26 20:31:46.321785
INFO:root:Injured_players table refresh complete 2019-01-26 20:31:49.207001
INFO:root:Algo refresh intialized 2019-01-26 20:31:55.212803
INFO:root:SQL executed successfully: /Users/Philip/Documents/NBA prediction script/Incremental Pipelines/production_insert_statements/primary_queries/V2_team_info.sql at 2019-01-26 20:31:55.228438
INFO:root:SQL executed successfully: /Users/Philip/Documents/NBA prediction script/Incremental Pipelines/production_insert_statements/primary_queries/V3_box_score_map.sql at 2019-01-26 20:31:58.443050
INFO:root:SQL executed successfully: /Users/Philip/Documents/NBA prediction script/Incremental Pipelines/production_insert_statements/primary_queries/V1_player_info.sql at 2019-01-26 20:31:58.474502
INFO:root:SQL executed successfully: /Users/Philip/Documents/NBA prediction script/Incremental Pipelines/production_insert_statements/multithread/logrithmic_c.sql at 2019-01-26 20:31:58.549312
INFO:root:SQL executed successfully: /Users/Philip/Documents/NBA prediction script/Incremental Pipelines/production_insert_statements/multithread/team_standings.sql at 2019-01-26 20:31:58.575324
INFO:root:SQL executed successfully: /Users/Philip/Documents/NBA prediction script/Incremental Pipelines/production_insert_statements/multithread/3pt.sql at 2019-01-26 20:31:58.587309
INFO:root:SQL executed successfully: /Users/Philip/Documents/NBA prediction script/Incremental Pipelines/production_insert_statements/multithread/player_predictions.sql at 2019-01-26 20:31:58.871012
INFO:root:SQL executed successfully: /Users/Philip/Documents/NBA prediction script/Incremental Pipelines/production_insert_statements/multithread/regularseasonmisctotals.sql at 2019-01-26 20:31:59.107953
INFO:root:SQL executed successfully: /Users/Philip/Documents/NBA prediction script/Incremental Pipelines/production_insert_statements/multithread/total_points_predictions.sql at 2019-01-26 20:31:59.153025
INFO:root:SQL executed successfully: /Users/Philip/Documents/NBA prediction script/Incremental Pipelines/production_insert_statements/multithread/regularseasontotal.sql at 2019-01-26 20:31:59.180818
INFO:root:SQL executed successfully: /Users/Philip/Documents/NBA prediction script/Incremental Pipelines/production_insert_statements/multithread/fg_pct.sql at 2019-01-26 20:31:59.189387
INFO:root:SQL executed successfully: /Users/Philip/Documents/NBA prediction script/Incremental Pipelines/production_insert_statements/multithread/pipeline_auditlog.sql at 2019-01-26 20:31:59.207428
INFO:root:SQL executed successfully: /Users/Philip/Documents/NBA prediction script/Incremental Pipelines/production_insert_statements/multithread/regular_season_avg.sql at 2019-01-26 20:31:59.295335
INFO:root:SQL executed successfully: /Users/Philip/Documents/NBA prediction script/Incremental Pipelines/production_insert_statements/multithread/active_rosters.sql at 2019-01-26 20:31:59.519448
INFO:root:SQL executed successfully: /Users/Philip/Documents/NBA prediction script/Incremental Pipelines/production_insert_statements/multithread/rebounds.sql at 2019-01-26 20:31:59.542354
INFO:root:SQL executed successfully: /Users/Philip/Documents/NBA prediction script/Incremental Pipelines/production_insert_statements/multithread/player_team_map.sql at 2019-01-26 20:32:05.959407
INFO:root:SQL executed successfully: /Users/Philip/Documents/NBA prediction script/Incremental Pipelines/production_insert_statements/multithread/team_figure4_boxscore_stats.sql at 2019-01-26 20:32:16.055981
INFO:root:SQL executed successfully: /Users/Philip/Documents/NBA prediction script/Incremental Pipelines/production_insert_statements/multithread/lasso_alphas.sql at 2019-01-26 20:32:16.084599
INFO:root:SQL executed successfully: /Users/Philip/Documents/NBA prediction script/Incremental Pipelines/production_insert_statements/multithread/injured_players.sql at 2019-01-26 20:32:16.101730
INFO:root:SQL executed successfully: /Users/Philip/Documents/NBA prediction script/Incremental Pipelines/production_insert_statements/multithread/team_misc_boxscore_stats.sql at 2019-01-26 20:32:16.974916
INFO:root:SQL executed successfully: /Users/Philip/Documents/NBA prediction script/Incremental Pipelines/production_insert_statements/multithread/win_probability_results.sql at 2019-01-26 20:32:17.006235
INFO:root:SQL executed successfully: /Users/Philip/Documents/NBA prediction script/Incremental Pipelines/production_insert_statements/multithread/team_traditional_boxscore_stats.sql at 2019-01-26 20:32:17.798540
INFO:root:SQL executed successfully: /Users/Philip/Documents/NBA prediction script/Incremental Pipelines/production_insert_statements/multithread/game_results.sql at 2019-01-26 20:32:18.448906
INFO:root:SQL executed successfully: /Users/Philip/Documents/NBA prediction script/Incremental Pipelines/production_insert_statements/multithread/pts.sql at 2019-01-26 20:32:18.474378
INFO:root:SQL executed successfully: /Users/Philip/Documents/NBA prediction script/Incremental Pipelines/production_insert_statements/multithread/turnovers.sql at 2019-01-26 20:32:18.498599
INFO:root:SQL executed successfully: /Users/Philip/Documents/NBA prediction script/Incremental Pipelines/production_insert_statements/multithread/game_date_lu.sql at 2019-01-26 20:32:18.596258
INFO:root:SQL executed successfully: /Users/Philip/Documents/NBA prediction script/Incremental Pipelines/production_insert_statements/multithread/team_scoring_boxscore_stats.sql at 2019-01-26 20:32:23.368220
INFO:root:SQL executed successfully: /Users/Philip/Documents/NBA prediction script/Incremental Pipelines/production_insert_statements/multithread/team_advanced_boxscore_stats.sql at 2019-01-26 20:32:31.193746
INFO:root:SQL executed successfully: /Users/Philip/Documents/NBA prediction script/Incremental Pipelines/production_insert_statements/multithread/test_basic_stats.sql at 2019-01-26 20:32:33.940907
INFO:root:SQL executed successfully: /Users/Philip/Documents/NBA prediction script/Incremental Pipelines/production_insert_statements/multithread/test_advanced_stats.sql at 2019-01-26 20:32:44.533079
INFO:root:SQL executed successfully: /Users/Philip/Documents/NBA prediction script/Incremental Pipelines/production_insert_statements/multithread/player_misc_stats.sql at 2019-01-26 20:33:28.334820
INFO:root:SQL executed successfully: /Users/Philip/Documents/NBA prediction script/Incremental Pipelines/production_insert_statements/multithread/player_scoring_stats.sql at 2019-01-26 20:33:29.240337
INFO:root:SQL executed successfully: /Users/Philip/Documents/NBA prediction script/Incremental Pipelines/production_insert_statements/multithread/player_usage_stats.sql at 2019-01-26 20:33:29.884970
INFO:root:Refreshing active_rosters table 2019-01-28 20:10:10.239660
INFO:root:Active_rosters table refresh complete 2019-01-28 20:10:15.640154
INFO:root:Refreshing injured_players table 2019-01-28 20:10:15.646030
INFO:root:Injured_players table refresh complete 2019-01-28 20:10:18.772108
INFO:root:Algo refresh intialized 2019-01-28 20:10:24.737375
INFO:root:SQL executed successfully: /Users/Philip/Documents/NBA prediction script/Incremental Pipelines/production_insert_statements/primary_queries/V2_team_info.sql at 2019-01-28 20:10:24.752502
INFO:root:SQL executed successfully: /Users/Philip/Documents/NBA prediction script/Incremental Pipelines/production_insert_statements/primary_queries/V3_box_score_map.sql at 2019-01-28 20:10:28.082324
INFO:root:SQL executed successfully: /Users/Philip/Documents/NBA prediction script/Incremental Pipelines/production_insert_statements/primary_queries/V1_player_info.sql at 2019-01-28 20:10:28.113563
INFO:root:SQL executed successfully: /Users/Philip/Documents/NBA prediction script/Incremental Pipelines/production_insert_statements/multithread/logrithmic_c.sql at 2019-01-28 20:10:28.186723
INFO:root:SQL executed successfully: /Users/Philip/Documents/NBA prediction script/Incremental Pipelines/production_insert_statements/multithread/team_standings.sql at 2019-01-28 20:10:28.211976
INFO:root:SQL executed successfully: /Users/Philip/Documents/NBA prediction script/Incremental Pipelines/production_insert_statements/multithread/3pt.sql at 2019-01-28 20:10:28.227103
INFO:root:SQL executed successfully: /Users/Philip/Documents/NBA prediction script/Incremental Pipelines/production_insert_statements/multithread/player_predictions.sql at 2019-01-28 20:10:28.496345
INFO:root:SQL executed successfully: /Users/Philip/Documents/NBA prediction script/Incremental Pipelines/production_insert_statements/multithread/regularseasonmisctotals.sql at 2019-01-28 20:10:28.661555
INFO:root:SQL executed successfully: /Users/Philip/Documents/NBA prediction script/Incremental Pipelines/production_insert_statements/multithread/total_points_predictions.sql at 2019-01-28 20:10:28.689729
INFO:root:SQL executed successfully: /Users/Philip/Documents/NBA prediction script/Incremental Pipelines/production_insert_statements/multithread/fg_pct.sql at 2019-01-28 20:10:28.715899
INFO:root:SQL executed successfully: /Users/Philip/Documents/NBA prediction script/Incremental Pipelines/production_insert_statements/multithread/pipeline_auditlog.sql at 2019-01-28 20:10:28.731479
INFO:root:SQL executed successfully: /Users/Philip/Documents/NBA prediction script/Incremental Pipelines/production_insert_statements/multithread/regularseasontotal.sql at 2019-01-28 20:10:28.843251
INFO:root:SQL executed successfully: /Users/Philip/Documents/NBA prediction script/Incremental Pipelines/production_insert_statements/multithread/regular_season_avg.sql at 2019-01-28 20:10:28.863807
INFO:root:SQL executed successfully: /Users/Philip/Documents/NBA prediction script/Incremental Pipelines/production_insert_statements/multithread/active_rosters.sql at 2019-01-28 20:10:29.126132
INFO:root:SQL executed successfully: /Users/Philip/Documents/NBA prediction script/Incremental Pipelines/production_insert_statements/multithread/rebounds.sql at 2019-01-28 20:10:29.148434
INFO:root:SQL executed successfully: /Users/Philip/Documents/NBA prediction script/Incremental Pipelines/production_insert_statements/multithread/player_team_map.sql at 2019-01-28 20:10:35.129557
INFO:root:SQL executed successfully: /Users/Philip/Documents/NBA prediction script/Incremental Pipelines/production_insert_statements/multithread/team_figure4_boxscore_stats.sql at 2019-01-28 20:10:45.205129
INFO:root:SQL executed successfully: /Users/Philip/Documents/NBA prediction script/Incremental Pipelines/production_insert_statements/multithread/lasso_alphas.sql at 2019-01-28 20:10:45.228914
INFO:root:SQL executed successfully: /Users/Philip/Documents/NBA prediction script/Incremental Pipelines/production_insert_statements/multithread/injured_players.sql at 2019-01-28 20:10:45.247896
INFO:root:SQL executed successfully: /Users/Philip/Documents/NBA prediction script/Incremental Pipelines/production_insert_statements/multithread/team_misc_boxscore_stats.sql at 2019-01-28 20:10:46.339990
INFO:root:SQL executed successfully: /Users/Philip/Documents/NBA prediction script/Incremental Pipelines/production_insert_statements/multithread/win_probability_results.sql at 2019-01-28 20:10:46.376179
INFO:root:SQL executed successfully: /Users/Philip/Documents/NBA prediction script/Incremental Pipelines/production_insert_statements/multithread/team_traditional_boxscore_stats.sql at 2019-01-28 20:10:47.338420
INFO:root:SQL executed successfully: /Users/Philip/Documents/NBA prediction script/Incremental Pipelines/production_insert_statements/multithread/game_results.sql at 2019-01-28 20:10:47.972572
INFO:root:SQL executed successfully: /Users/Philip/Documents/NBA prediction script/Incremental Pipelines/production_insert_statements/multithread/pts.sql at 2019-01-28 20:10:48.000896
INFO:root:SQL executed successfully: /Users/Philip/Documents/NBA prediction script/Incremental Pipelines/production_insert_statements/multithread/turnovers.sql at 2019-01-28 20:10:48.026106
INFO:root:SQL executed successfully: /Users/Philip/Documents/NBA prediction script/Incremental Pipelines/production_insert_statements/multithread/game_date_lu.sql at 2019-01-28 20:10:48.123422
INFO:root:SQL executed successfully: /Users/Philip/Documents/NBA prediction script/Incremental Pipelines/production_insert_statements/multithread/team_scoring_boxscore_stats.sql at 2019-01-28 20:10:52.608285
INFO:root:SQL executed successfully: /Users/Philip/Documents/NBA prediction script/Incremental Pipelines/production_insert_statements/multithread/team_advanced_boxscore_stats.sql at 2019-01-28 20:11:00.552633
INFO:root:SQL executed successfully: /Users/Philip/Documents/NBA prediction script/Incremental Pipelines/production_insert_statements/multithread/test_basic_stats.sql at 2019-01-28 20:11:02.892709
INFO:root:SQL executed successfully: /Users/Philip/Documents/NBA prediction script/Incremental Pipelines/production_insert_statements/multithread/test_advanced_stats.sql at 2019-01-28 20:11:15.073465
INFO:root:SQL executed successfully: /Users/Philip/Documents/NBA prediction script/Incremental Pipelines/production_insert_statements/multithread/player_misc_stats.sql at 2019-01-28 20:11:59.376361
INFO:root:SQL executed successfully: /Users/Philip/Documents/NBA prediction script/Incremental Pipelines/production_insert_statements/multithread/player_scoring_stats.sql at 2019-01-28 20:12:00.541926
INFO:root:SQL executed successfully: /Users/Philip/Documents/NBA prediction script/Incremental Pipelines/production_insert_statements/multithread/player_usage_stats.sql at 2019-01-28 20:12:01.364285
INFO:root:Refreshing active_rosters table 2019-02-02 19:00:24.115750
INFO:root:Active_rosters table refresh complete 2019-02-02 19:00:28.595378
INFO:root:Refreshing injured_players table 2019-02-02 19:00:28.596123
INFO:root:Injured_players table refresh complete 2019-02-02 19:00:31.811712
INFO:root:Algo refresh intialized 2019-02-02 19:00:37.802218
INFO:root:SQL executed successfully: /Users/Philip/Documents/NBA prediction script/Incremental Pipelines/production_insert_statements/primary_queries/V2_team_info.sql at 2019-02-02 19:00:37.818530
INFO:root:SQL executed successfully: /Users/Philip/Documents/NBA prediction script/Incremental Pipelines/production_insert_statements/primary_queries/V3_box_score_map.sql at 2019-02-02 19:00:40.944479
INFO:root:SQL executed successfully: /Users/Philip/Documents/NBA prediction script/Incremental Pipelines/production_insert_statements/primary_queries/V1_player_info.sql at 2019-02-02 19:00:40.978007
INFO:root:SQL executed successfully: /Users/Philip/Documents/NBA prediction script/Incremental Pipelines/production_insert_statements/multithread/logrithmic_c.sql at 2019-02-02 19:00:41.050680
INFO:root:SQL executed successfully: /Users/Philip/Documents/NBA prediction script/Incremental Pipelines/production_insert_statements/multithread/team_standings.sql at 2019-02-02 19:00:41.079795
INFO:root:SQL executed successfully: /Users/Philip/Documents/NBA prediction script/Incremental Pipelines/production_insert_statements/multithread/3pt.sql at 2019-02-02 19:00:41.091189
INFO:root:SQL executed successfully: /Users/Philip/Documents/NBA prediction script/Incremental Pipelines/production_insert_statements/multithread/player_predictions.sql at 2019-02-02 19:00:41.408355
INFO:root:SQL executed successfully: /Users/Philip/Documents/NBA prediction script/Incremental Pipelines/production_insert_statements/multithread/regularseasonmisctotals.sql at 2019-02-02 19:00:41.546056
INFO:root:SQL executed successfully: /Users/Philip/Documents/NBA prediction script/Incremental Pipelines/production_insert_statements/multithread/total_points_predictions.sql at 2019-02-02 19:00:41.579269
INFO:root:SQL executed successfully: /Users/Philip/Documents/NBA prediction script/Incremental Pipelines/production_insert_statements/multithread/fg_pct.sql at 2019-02-02 19:00:41.605160
INFO:root:SQL executed successfully: /Users/Philip/Documents/NBA prediction script/Incremental Pipelines/production_insert_statements/multithread/pipeline_auditlog.sql at 2019-02-02 19:00:41.628153
INFO:root:SQL executed successfully: /Users/Philip/Documents/NBA prediction script/Incremental Pipelines/production_insert_statements/multithread/regularseasontotal.sql at 2019-02-02 19:00:41.713837
INFO:root:SQL executed successfully: /Users/Philip/Documents/NBA prediction script/Incremental Pipelines/production_insert_statements/multithread/regular_season_avg.sql at 2019-02-02 19:00:41.734839
INFO:root:SQL executed successfully: /Users/Philip/Documents/NBA prediction script/Incremental Pipelines/production_insert_statements/multithread/active_rosters.sql at 2019-02-02 19:00:41.965339
INFO:root:SQL executed successfully: /Users/Philip/Documents/NBA prediction script/Incremental Pipelines/production_insert_statements/multithread/rebounds.sql at 2019-02-02 19:00:41.987631
INFO:root:SQL executed successfully: /Users/Philip/Documents/NBA prediction script/Incremental Pipelines/production_insert_statements/multithread/player_team_map.sql at 2019-02-02 19:00:47.702179
INFO:root:SQL executed successfully: /Users/Philip/Documents/NBA prediction script/Incremental Pipelines/production_insert_statements/multithread/team_figure4_boxscore_stats.sql at 2019-02-02 19:00:56.583908
INFO:root:SQL executed successfully: /Users/Philip/Documents/NBA prediction script/Incremental Pipelines/production_insert_statements/multithread/lasso_alphas.sql at 2019-02-02 19:00:56.612327
INFO:root:SQL executed successfully: /Users/Philip/Documents/NBA prediction script/Incremental Pipelines/production_insert_statements/multithread/injured_players.sql at 2019-02-02 19:00:56.629731
INFO:root:SQL executed successfully: /Users/Philip/Documents/NBA prediction script/Incremental Pipelines/production_insert_statements/multithread/team_misc_boxscore_stats.sql at 2019-02-02 19:00:57.738756
INFO:root:SQL executed successfully: /Users/Philip/Documents/NBA prediction script/Incremental Pipelines/production_insert_statements/multithread/win_probability_results.sql at 2019-02-02 19:00:57.770363
INFO:root:SQL executed successfully: /Users/Philip/Documents/NBA prediction script/Incremental Pipelines/production_insert_statements/multithread/team_traditional_boxscore_stats.sql at 2019-02-02 19:00:58.723357
INFO:root:SQL executed successfully: /Users/Philip/Documents/NBA prediction script/Incremental Pipelines/production_insert_statements/multithread/game_results.sql at 2019-02-02 19:00:59.325143
INFO:root:SQL executed successfully: /Users/Philip/Documents/NBA prediction script/Incremental Pipelines/production_insert_statements/multithread/pts.sql at 2019-02-02 19:00:59.351322
INFO:root:SQL executed successfully: /Users/Philip/Documents/NBA prediction script/Incremental Pipelines/production_insert_statements/multithread/turnovers.sql at 2019-02-02 19:00:59.375696
INFO:root:SQL executed successfully: /Users/Philip/Documents/NBA prediction script/Incremental Pipelines/production_insert_statements/multithread/game_date_lu.sql at 2019-02-02 19:00:59.472468
INFO:root:SQL executed successfully: /Users/Philip/Documents/NBA prediction script/Incremental Pipelines/production_insert_statements/multithread/team_scoring_boxscore_stats.sql at 2019-02-02 19:01:03.376233
INFO:root:SQL executed successfully: /Users/Philip/Documents/NBA prediction script/Incremental Pipelines/production_insert_statements/multithread/team_advanced_boxscore_stats.sql at 2019-02-02 19:01:10.445226
INFO:root:SQL executed successfully: /Users/Philip/Documents/NBA prediction script/Incremental Pipelines/production_insert_statements/multithread/test_basic_stats.sql at 2019-02-02 19:01:12.724026
INFO:root:SQL executed successfully: /Users/Philip/Documents/NBA prediction script/Incremental Pipelines/production_insert_statements/multithread/test_advanced_stats.sql at 2019-02-02 19:01:23.379765
INFO:root:SQL executed successfully: /Users/Philip/Documents/NBA prediction script/Incremental Pipelines/production_insert_statements/multithread/player_misc_stats.sql at 2019-02-02 19:02:05.612927
INFO:root:SQL executed successfully: /Users/Philip/Documents/NBA prediction script/Incremental Pipelines/production_insert_statements/multithread/player_usage_stats.sql at 2019-02-02 19:02:07.345651
INFO:root:SQL executed successfully: /Users/Philip/Documents/NBA prediction script/Incremental Pipelines/production_insert_statements/multithread/player_scoring_stats.sql at 2019-02-02 19:02:07.511614
INFO:root:Refreshing active_rosters table 2019-02-02 19:12:47.560719
INFO:root:Refreshing active_rosters table 2019-02-05 19:47:17.123990
INFO:root:Active_rosters table refresh complete 2019-02-05 19:47:21.672551
INFO:root:Refreshing injured_players table 2019-02-05 19:47:21.674931
INFO:root:Injured_players table refresh complete 2019-02-05 19:47:24.559859
INFO:root:Algo refresh intialized 2019-02-05 19:47:28.516996
INFO:root:SQL executed successfully: /Users/Philip/Documents/NBA prediction script/Incremental Pipelines/production_insert_statements/primary_queries/V2_team_info.sql at 2019-02-05 19:47:28.530229
INFO:root:SQL executed successfully: /Users/Philip/Documents/NBA prediction script/Incremental Pipelines/production_insert_statements/primary_queries/V3_box_score_map.sql at 2019-02-05 19:47:31.510671
INFO:root:SQL executed successfully: /Users/Philip/Documents/NBA prediction script/Incremental Pipelines/production_insert_statements/primary_queries/V1_player_info.sql at 2019-02-05 19:47:31.541071
INFO:root:Refreshing active_rosters table 2019-02-08 21:19:26.919773
INFO:root:Active_rosters table refresh complete 2019-02-08 21:19:31.323754
INFO:root:Refreshing injured_players table 2019-02-08 21:19:31.327761
INFO:root:Injured_players table refresh complete 2019-02-08 21:19:34.098389
INFO:root:Algo refresh intialized 2019-02-08 21:19:34.915200
INFO:root:Refreshing active_rosters table 2019-02-08 21:20:34.075323
INFO:root:Active_rosters table refresh complete 2019-02-08 21:20:38.032243
INFO:root:Refreshing injured_players table 2019-02-08 21:20:38.035326
INFO:root:Injured_players table refresh complete 2019-02-08 21:20:40.687103
INFO:root:Algo refresh intialized 2019-02-08 21:20:41.106935
INFO:root:Refreshing active_rosters table 2019-02-08 21:21:15.438618
INFO:root:Active_rosters table refresh complete 2019-02-08 21:21:19.303636
INFO:root:Refreshing injured_players table 2019-02-08 21:21:19.305831
INFO:root:Injured_players table refresh complete 2019-02-08 21:21:21.654806
INFO:root:Algo refresh intialized 2019-02-08 21:21:25.618617
INFO:root:SQL executed successfully: /Users/Philip/Documents/NBA prediction script/Incremental Pipelines/production_insert_statements/primary_queries/V2_team_info.sql at 2019-02-08 21:21:25.630467
INFO:root:SQL executed successfully: /Users/Philip/Documents/NBA prediction script/Incremental Pipelines/production_insert_statements/primary_queries/V3_box_score_map.sql at 2019-02-08 21:21:28.750599
INFO:root:SQL executed successfully: /Users/Philip/Documents/NBA prediction script/Incremental Pipelines/production_insert_statements/primary_queries/V1_player_info.sql at 2019-02-08 21:21:28.780965
INFO:root:Refreshing active_rosters table 2019-02-09 18:56:17.065819
INFO:root:Active_rosters table refresh complete 2019-02-09 18:56:21.468346
INFO:root:Refreshing injured_players table 2019-02-09 18:56:21.470206
INFO:root:Injured_players table refresh complete 2019-02-09 18:56:24.453268
INFO:root:Algo refresh intialized 2019-02-09 18:56:28.825587
INFO:root:SQL executed successfully: /Users/Philip/Documents/NBA prediction script/Incremental Pipelines/production_insert_statements/primary_queries/V2_team_info.sql at 2019-02-09 18:56:28.838511
INFO:root:SQL executed successfully: /Users/Philip/Documents/NBA prediction script/Incremental Pipelines/production_insert_statements/primary_queries/V3_box_score_map.sql at 2019-02-09 18:56:29.168100
INFO:root:SQL executed successfully: /Users/Philip/Documents/NBA prediction script/Incremental Pipelines/production_insert_statements/primary_queries/V1_player_info.sql at 2019-02-09 18:56:29.198791
INFO:root:Refreshing active_rosters table 2019-02-12 20:41:41.496807
INFO:root:Active_rosters table refresh complete 2019-02-12 20:41:46.085232
INFO:root:Refreshing injured_players table 2019-02-12 20:41:46.087252
INFO:root:Injured_players table refresh complete 2019-02-12 20:41:49.069224
INFO:root:Algo refresh intialized 2019-02-12 20:41:52.928724
INFO:root:SQL executed successfully: /Users/Philip/Documents/NBA prediction script/Incremental Pipelines/production_insert_statements/primary_queries/V2_team_info.sql at 2019-02-12 20:41:52.941525
INFO:root:SQL executed successfully: /Users/Philip/Documents/NBA prediction script/Incremental Pipelines/production_insert_statements/primary_queries/V3_box_score_map.sql at 2019-02-12 20:41:53.279214
INFO:root:SQL executed successfully: /Users/Philip/Documents/NBA prediction script/Incremental Pipelines/production_insert_statements/primary_queries/V1_player_info.sql at 2019-02-12 20:41:53.308507
INFO:root:Refreshing active_rosters table 2019-02-13 20:51:31.214820
INFO:root:Active_rosters table refresh complete 2019-02-13 20:51:36.485125
INFO:root:Refreshing injured_players table 2019-02-13 20:51:36.485655
INFO:root:Injured_players table refresh complete 2019-02-13 20:51:39.682018
INFO:root:Algo refresh intialized 2019-02-13 20:51:43.624428
INFO:root:SQL executed successfully: /Users/Philip/Documents/NBA prediction script/Incremental Pipelines/production_insert_statements/primary_queries/V2_team_info.sql at 2019-02-13 20:51:43.637114
INFO:root:SQL executed successfully: /Users/Philip/Documents/NBA prediction script/Incremental Pipelines/production_insert_statements/primary_queries/V3_box_score_map.sql at 2019-02-13 20:51:43.958748
INFO:root:SQL executed successfully: /Users/Philip/Documents/NBA prediction script/Incremental Pipelines/production_insert_statements/primary_queries/V1_player_info.sql at 2019-02-13 20:51:43.987586
INFO:root:Refreshing active_rosters table 2019-02-14 21:37:21.920598
INFO:root:Active_rosters table refresh complete 2019-02-14 21:37:26.620720
INFO:root:Refreshing injured_players table 2019-02-14 21:37:26.629610
INFO:root:Injured_players table refresh complete 2019-02-14 21:37:29.754046
INFO:root:Algo refresh intialized 2019-02-14 21:37:34.011296
INFO:root:SQL executed successfully: /Users/Philip/Documents/NBA prediction script/Incremental Pipelines/production_insert_statements/primary_queries/V2_team_info.sql at 2019-02-14 21:37:34.024945
INFO:root:SQL executed successfully: /Users/Philip/Documents/NBA prediction script/Incremental Pipelines/production_insert_statements/primary_queries/V3_box_score_map.sql at 2019-02-14 21:37:34.424385
INFO:root:SQL executed successfully: /Users/Philip/Documents/NBA prediction script/Incremental Pipelines/production_insert_statements/primary_queries/V1_player_info.sql at 2019-02-14 21:37:34.455557
INFO:root:Refreshing active_rosters table 2019-02-24 17:23:56.906706
INFO:root:Active_rosters table refresh complete 2019-02-24 17:24:01.753603
INFO:root:Refreshing injured_players table 2019-02-24 17:24:01.755794
INFO:root:Injured_players table refresh complete 2019-02-24 17:24:05.333992
INFO:root:Algo refresh intialized 2019-02-24 17:24:09.297967
INFO:root:SQL executed successfully: /Users/Philip/Documents/NBA prediction script/Incremental Pipelines/production_insert_statements/primary_queries/V2_team_info.sql at 2019-02-24 17:24:09.319752
INFO:root:SQL executed successfully: /Users/Philip/Documents/NBA prediction script/Incremental Pipelines/production_insert_statements/primary_queries/V3_box_score_map.sql at 2019-02-24 17:24:09.694164
INFO:root:SQL executed successfully: /Users/Philip/Documents/NBA prediction script/Incremental Pipelines/production_insert_statements/primary_queries/V1_player_info.sql at 2019-02-24 17:24:09.723296
INFO:root:Refreshing active_rosters table 2019-02-25 20:31:05.570440
INFO:root:Active_rosters table refresh complete 2019-02-25 20:31:11.010076
INFO:root:Refreshing injured_players table 2019-02-25 20:31:11.015092
INFO:root:Injured_players table refresh complete 2019-02-25 20:31:13.971601
INFO:root:Algo refresh intialized 2019-02-25 20:31:17.582454
INFO:root:SQL executed successfully: /Users/Philip/Documents/NBA prediction script/Incremental Pipelines/production_insert_statements/primary_queries/V2_team_info.sql at 2019-02-25 20:31:17.592682
INFO:root:SQL executed successfully: /Users/Philip/Documents/NBA prediction script/Incremental Pipelines/production_insert_statements/primary_queries/V3_box_score_map.sql at 2019-02-25 20:31:17.922704
INFO:root:SQL executed successfully: /Users/Philip/Documents/NBA prediction script/Incremental Pipelines/production_insert_statements/primary_queries/V1_player_info.sql at 2019-02-25 20:31:17.957550
INFO:root:Refreshing active_rosters table 2019-02-26 23:09:33.917113
INFO:root:Active_rosters table refresh complete 2019-02-26 23:09:38.541851
INFO:root:Refreshing injured_players table 2019-02-26 23:09:38.542573
INFO:root:Injured_players table refresh complete 2019-02-26 23:09:41.504889
INFO:root:Algo refresh intialized 2019-02-26 23:09:45.530114
INFO:root:SQL executed successfully: /Users/Philip/Documents/NBA prediction script/Incremental Pipelines/production_insert_statements/primary_queries/V2_team_info.sql at 2019-02-26 23:09:45.543698
INFO:root:SQL executed successfully: /Users/Philip/Documents/NBA prediction script/Incremental Pipelines/production_insert_statements/primary_queries/V3_box_score_map.sql at 2019-02-26 23:09:45.922559
INFO:root:SQL executed successfully: /Users/Philip/Documents/NBA prediction script/Incremental Pipelines/production_insert_statements/primary_queries/V1_player_info.sql at 2019-02-26 23:09:45.953132
INFO:root:Refreshing active_rosters table 2019-02-27 21:31:44.241145
INFO:root:Active_rosters table refresh complete 2019-02-27 21:31:49.471074
INFO:root:Refreshing injured_players table 2019-02-27 21:31:49.475757
INFO:root:Injured_players table refresh complete 2019-02-27 21:31:52.435777
INFO:root:Algo refresh intialized 2019-02-27 21:31:56.028263
INFO:root:SQL executed successfully: /Users/Philip/Documents/NBA prediction script/Incremental Pipelines/production_insert_statements/primary_queries/V2_team_info.sql at 2019-02-27 21:31:56.043908
INFO:root:SQL executed successfully: /Users/Philip/Documents/NBA prediction script/Incremental Pipelines/production_insert_statements/primary_queries/V3_box_score_map.sql at 2019-02-27 21:31:56.350170
INFO:root:SQL executed successfully: /Users/Philip/Documents/NBA prediction script/Incremental Pipelines/production_insert_statements/primary_queries/V1_player_info.sql at 2019-02-27 21:31:56.380887
INFO:root:Refreshing active_rosters table 2019-02-28 21:21:30.460863
INFO:root:Active_rosters table refresh complete 2019-02-28 21:21:39.998027
INFO:root:Refreshing injured_players table 2019-02-28 21:21:39.998882
INFO:root:Injured_players table refresh complete 2019-02-28 21:21:43.476282
INFO:root:Algo refresh intialized 2019-02-28 21:21:48.209880
INFO:root:SQL executed successfully: /Users/Philip/Documents/NBA prediction script/Incremental Pipelines/production_insert_statements/primary_queries/V2_team_info.sql at 2019-02-28 21:21:48.223374
INFO:root:SQL executed successfully: /Users/Philip/Documents/NBA prediction script/Incremental Pipelines/production_insert_statements/primary_queries/V3_box_score_map.sql at 2019-02-28 21:21:48.632750
INFO:root:SQL executed successfully: /Users/Philip/Documents/NBA prediction script/Incremental Pipelines/production_insert_statements/primary_queries/V1_player_info.sql at 2019-02-28 21:21:48.662276
INFO:root:Refreshing active_rosters table 2019-03-23 19:39:33.420536
INFO:root:Active_rosters table refresh complete 2019-03-23 19:39:40.371585
INFO:root:Refreshing injured_players table 2019-03-23 19:39:40.372352
INFO:root:Injured_players table refresh complete 2019-03-23 19:39:43.442776
INFO:root:Algo refresh intialized 2019-03-23 19:39:47.564497
INFO:root:SQL executed successfully: /Users/Philip/Documents/NBA prediction script/Incremental Pipelines/production_insert_statements/primary_queries/V2_team_info.sql at 2019-03-23 19:39:47.574631
INFO:root:SQL executed successfully: /Users/Philip/Documents/NBA prediction script/Incremental Pipelines/production_insert_statements/primary_queries/V3_box_score_map.sql at 2019-03-23 19:39:47.940054
INFO:root:SQL executed successfully: /Users/Philip/Documents/NBA prediction script/Incremental Pipelines/production_insert_statements/primary_queries/V1_player_info.sql at 2019-03-23 19:39:47.971503
INFO:root:Refreshing active_rosters table 2019-03-24 14:30:39.210369
INFO:root:Active_rosters table refresh complete 2019-03-24 14:30:49.345971
INFO:root:Refreshing injured_players table 2019-03-24 14:30:49.346693
INFO:root:Injured_players table refresh complete 2019-03-24 14:30:53.168901
INFO:root:Algo refresh intialized 2019-03-24 14:30:56.936409
INFO:root:SQL executed successfully: /Users/Philip/Documents/NBA prediction script/Incremental Pipelines/production_insert_statements/primary_queries/V2_team_info.sql at 2019-03-24 14:30:56.950368
INFO:root:SQL executed successfully: /Users/Philip/Documents/NBA prediction script/Incremental Pipelines/production_insert_statements/primary_queries/V3_box_score_map.sql at 2019-03-24 14:30:57.259229
INFO:root:SQL executed successfully: /Users/Philip/Documents/NBA prediction script/Incremental Pipelines/production_insert_statements/primary_queries/V1_player_info.sql at 2019-03-24 14:30:57.290364
INFO:root:Refreshing active_rosters table 2019-03-24 17:41:03.944292
INFO:root:Active_rosters table refresh complete 2019-03-24 17:41:19.627406
INFO:root:Refreshing injured_players table 2019-03-24 17:41:19.630830
INFO:root:Injured_players table refresh complete 2019-03-24 17:41:23.649021
INFO:root:Algo refresh intialized 2019-03-24 17:41:27.470746
INFO:root:SQL executed successfully: /Users/Philip/Documents/NBA prediction script/Incremental Pipelines/production_insert_statements/primary_queries/V2_team_info.sql at 2019-03-24 17:41:27.498860
INFO:root:SQL executed successfully: /Users/Philip/Documents/NBA prediction script/Incremental Pipelines/production_insert_statements/primary_queries/V3_box_score_map.sql at 2019-03-24 17:41:27.809726
INFO:root:SQL executed successfully: /Users/Philip/Documents/NBA prediction script/Incremental Pipelines/production_insert_statements/primary_queries/V1_player_info.sql at 2019-03-24 17:41:27.836979
INFO:root:Refreshing active_rosters table 2019-03-25 21:13:32.799763
INFO:root:Active_rosters table refresh complete 2019-03-25 21:13:37.419283
INFO:root:Refreshing injured_players table 2019-03-25 21:13:37.420113
INFO:root:Injured_players table refresh complete 2019-03-25 21:13:40.510196
INFO:root:Algo refresh intialized 2019-03-25 21:13:44.088026
INFO:root:SQL executed successfully: /Users/Philip/Documents/NBA prediction script/Incremental Pipelines/production_insert_statements/primary_queries/V2_team_info.sql at 2019-03-25 21:13:44.102748
INFO:root:SQL executed successfully: /Users/Philip/Documents/NBA prediction script/Incremental Pipelines/production_insert_statements/primary_queries/V3_box_score_map.sql at 2019-03-25 21:13:44.426740
INFO:root:SQL executed successfully: /Users/Philip/Documents/NBA prediction script/Incremental Pipelines/production_insert_statements/primary_queries/V1_player_info.sql at 2019-03-25 21:13:44.460209
INFO:root:Refreshing active_rosters table 2019-03-26 19:24:21.187497
INFO:root:Active_rosters table refresh complete 2019-03-26 19:24:27.596531
INFO:root:Refreshing injured_players table 2019-03-26 19:24:27.602990
INFO:root:Refreshing active_rosters table 2019-03-26 19:24:53.800451
INFO:root:Active_rosters table refresh complete 2019-03-26 19:24:57.304327
INFO:root:Refreshing injured_players table 2019-03-26 19:24:57.305732
INFO:root:Refreshing active_rosters table 2019-03-26 19:26:46.594946
INFO:root:Refreshing active_rosters table 2019-03-26 19:27:25.237962
INFO:root:Active_rosters table refresh complete 2019-03-26 19:27:31.183143
INFO:root:Refreshing injured_players table 2019-03-26 19:27:31.183869
INFO:root:Injured_players table refresh complete 2019-03-26 19:27:35.613170
INFO:root:Algo refresh intialized 2019-03-26 19:27:39.588530
INFO:root:SQL executed successfully: /Users/Philip/Documents/NBA prediction script/Incremental Pipelines/production_insert_statements/primary_queries/V2_team_info.sql at 2019-03-26 19:27:39.602157
INFO:root:SQL executed successfully: /Users/Philip/Documents/NBA prediction script/Incremental Pipelines/production_insert_statements/primary_queries/V3_box_score_map.sql at 2019-03-26 19:27:40.007810
INFO:root:SQL executed successfully: /Users/Philip/Documents/NBA prediction script/Incremental Pipelines/production_insert_statements/primary_queries/V1_player_info.sql at 2019-03-26 19:27:40.039625
INFO:root:Refreshing active_rosters table 2019-04-01 20:17:29.828490
INFO:root:Active_rosters table refresh complete 2019-04-01 20:17:39.763275
INFO:root:Refreshing injured_players table 2019-04-01 20:17:39.768587
INFO:root:Injured_players table refresh complete 2019-04-01 20:17:44.636715
INFO:root:Algo refresh intialized 2019-04-01 20:17:48.254418
INFO:root:SQL executed successfully: /Users/Philip/Documents/NBA prediction script/Incremental Pipelines/production_insert_statements/primary_queries/V2_team_info.sql at 2019-04-01 20:17:48.267154
INFO:root:SQL executed successfully: /Users/Philip/Documents/NBA prediction script/Incremental Pipelines/production_insert_statements/primary_queries/V3_box_score_map.sql at 2019-04-01 20:17:48.590240
INFO:root:SQL executed successfully: /Users/Philip/Documents/NBA prediction script/Incremental Pipelines/production_insert_statements/primary_queries/V1_player_info.sql at 2019-04-01 20:17:48.620523
