INFO:root:Refreshing injured_players table 2019-02-23 17:40:07.733855
INFO:root:Injured_players table refresh complete 2019-02-23 17:40:24.630421
49269
INFO:root:Beginning ESPN team standings pipeline 2019-02-23 17:40:07.826375
INFO:root:Date lookup table generated 2019-02-23 17:40:11.840133
INFO:root:ESPN team standings pipeline completed successfully 2019-02-23 17:40:18.255593
INFO:root:Active_rosters table refresh complete 2019-02-23 17:40:30.170609
INFO:root:NBA Stats incrementals pipeline completed successfully 2019-02-23 17:40:53.104153
INFO:root:ESPN players incrementals pipeline completed successfully 2019-02-23 17:41:37.178358
INFO:root:Beginning ESPN team incrementials pipeline 2019-02-23 17:41:38.382813
INFO:root:Beginning ESPN players incrementals pipeline 2019-03-22 19:30:01.572956
INFO:root:Beginning ESPN players incrementals pipeline 2019-03-22 19:31:51.131160
INFO:root:Beginning ESPN players incrementals pipeline 2019-03-22 19:43:36.108533
INFO:root:Beginning ESPN players incrementals pipeline 2019-03-22 19:44:07.207252
INFO:root:ESPN players incrementals pipeline completed successfully 2019-03-22 19:44:08.707676
INFO:root:Beginning ESPN players incrementals pipeline 2019-03-22 19:46:46.770286
INFO:root:Beginning ESPN players incrementals pipeline 2019-03-22 19:46:57.498483
INFO:root:Beginning ESPN players incrementals pipeline 2019-03-22 19:48:16.970725
INFO:root:Beginning ESPN players incrementals pipeline 2019-03-22 19:48:44.026429
INFO:root:Beginning ESPN players incrementals pipeline 2019-03-22 19:49:22.247238
INFO:root:Beginning ESPN players incrementals pipeline 2019-03-22 19:49:44.257967
INFO:root:Beginning ESPN players incrementals pipeline 2019-03-22 19:51:29.558646
INFO:root:ESPN players incrementals pipeline completed successfully 2019-03-22 19:51:30.386918
INFO:root:Beginning ESPN players incrementals pipeline 2019-03-22 19:52:02.094756
INFO:root:Beginning ESPN players incrementals pipeline 2019-03-22 19:52:24.566382
INFO:root:ESPN players incrementals pipeline completed successfully 2019-03-22 19:52:25.393311
INFO:root:Beginning ESPN players incrementals pipeline 2019-03-22 19:53:15.483223
INFO:root:ESPN players incrementals pipeline completed successfully 2019-03-22 19:53:20.124740
INFO:root:Beginning ESPN players incrementals pipeline 2019-03-22 19:53:33.350492
INFO:root:ESPN players incrementals pipeline completed successfully 2019-03-22 19:53:34.114891
INFO:root:Beginning ESPN players incrementals pipeline 2019-03-22 19:53:56.526856
INFO:root:ESPN players incrementals pipeline completed successfully 2019-03-22 19:53:57.335811
INFO:root:Beginning ESPN players incrementals pipeline 2019-03-22 19:54:27.545335
INFO:root:ESPN players incrementals pipeline completed successfully 2019-03-22 19:54:28.397212
INFO:root:Beginning ESPN players incrementals pipeline 2019-03-22 19:57:03.697521
INFO:root:ESPN players incrementals pipeline completed successfully 2019-03-22 19:57:04.829168
INFO:root:Beginning ESPN players incrementals pipeline 2019-03-22 19:57:59.098076
INFO:root:ESPN players incrementals pipeline completed successfully 2019-03-22 19:57:59.926483
INFO:root:Beginning ESPN players incrementals pipeline 2019-03-22 19:58:46.920958
INFO:root:ESPN players incrementals pipeline completed successfully 2019-03-22 19:58:48.099572
INFO:root:Beginning ESPN players incrementals pipeline 2019-03-22 19:59:37.309570
INFO:root:ESPN players incrementals pipeline completed successfully 2019-03-22 19:59:38.135744
INFO:root:Beginning ESPN players incrementals pipeline 2019-03-22 20:00:24.452942
INFO:root:Beginning ESPN players incrementals pipeline 2019-03-22 20:05:30.826615
INFO:root:Beginning ESPN players incrementals pipeline 2019-03-22 20:06:49.268416
INFO:root:Beginning ESPN players incrementals pipeline 2019-03-22 20:07:37.766908
INFO:root:Beginning ESPN players incrementals pipeline 2019-03-22 20:08:37.395307
INFO:root:Beginning ESPN players incrementals pipeline 2019-03-22 20:09:32.921930
INFO:root:Beginning ESPN players incrementals pipeline 2019-03-22 20:11:55.885821
INFO:root:Beginning ESPN players incrementals pipeline 2019-03-22 20:12:52.209352
INFO:root:Beginning ESPN players incrementals pipeline 2019-03-22 20:13:09.933002
INFO:root:Beginning ESPN players incrementals pipeline 2019-03-22 20:14:41.751177
INFO:root:ESPN players incrementals pipeline completed successfully 2019-03-22 20:14:43.148726
INFO:root:Beginning ESPN players incrementals pipeline 2019-03-22 20:25:30.488273
INFO:root:Beginning ESPN players incrementals pipeline 2019-03-22 20:26:43.258618
INFO:root:ESPN players incrementals pipeline completed successfully 2019-03-22 20:26:44.255603
INFO:root:Beginning ESPN players incrementals pipeline 2019-03-22 20:27:45.351136
INFO:root:Beginning ESPN players incrementals pipeline 2019-03-22 20:30:03.143359
INFO:root:Beginning ESPN players incrementals pipeline 2019-03-22 20:31:26.461245
INFO:root:Beginning ESPN players incrementals pipeline 2019-03-22 20:38:19.582296
INFO:root:Beginning ESPN players incrementals pipeline 2019-03-22 20:46:47.646204
INFO:root:Beginning ESPN players incrementals pipeline 2019-03-22 20:55:52.943111
INFO:root:Beginning ESPN players incrementals pipeline 2019-03-22 21:07:07.016536
INFO:root:Beginning ESPN players incrementals pipeline 2019-03-22 21:11:31.577598
INFO:root:ESPN players incrementals pipeline completed successfully 2019-03-22 21:13:56.093308
INFO:root:Beginning ESPN players incrementals pipeline 2019-03-22 21:16:21.798502
INFO:root:ESPN players incrementals pipeline completed successfully 2019-03-22 21:19:05.903740
INFO:root:Beginning ESPN players incrementals pipeline 2019-03-22 21:20:41.280833
INFO:root:ESPN players incrementals pipeline completed successfully 2019-03-22 21:23:01.957875
INFO:root:Beginning ESPN players incrementals pipeline 2019-03-22 21:24:26.494032
INFO:root:Beginning ESPN players incrementals pipeline 2019-03-22 21:25:14.896732
INFO:root:Beginning ESPN players incrementals pipeline 2019-03-22 21:27:21.301324
INFO:root:ESPN players incrementals pipeline completed successfully 2019-03-22 21:29:52.302932
INFO:root:Beginning ESPN players incrementals pipeline 2019-03-22 21:37:22.693602
INFO:root:Beginning ESPN players incrementals pipeline 2019-03-22 21:40:53.744112
INFO:root:Beginning ESPN players incrementals pipeline 2019-03-22 21:46:03.137072
INFO:root:Beginning ESPN players incrementals pipeline 2019-03-22 21:50:39.325296
INFO:root:Beginning ESPN players incrementals pipeline 2019-03-22 21:52:11.560378
INFO:root:Beginning ESPN players incrementals pipeline 2019-03-22 21:52:56.499454
INFO:root:Beginning ESPN players incrementals pipeline 2019-03-22 21:55:05.214659
INFO:root:Beginning ESPN players incrementals pipeline 2019-03-22 21:55:39.827461
INFO:root:Beginning ESPN players incrementals pipeline 2019-03-22 21:56:08.040989
INFO:root:Beginning ESPN players incrementals pipeline 2019-03-22 21:58:19.034908
INFO:root:Beginning ESPN players incrementals pipeline 2019-03-22 21:58:38.944867
INFO:root:Beginning ESPN players incrementals pipeline 2019-03-22 21:59:00.834714
INFO:root:Beginning ESPN players incrementals pipeline 2019-03-22 22:01:38.916851
INFO:root:Beginning ESPN players incrementals pipeline 2019-03-22 22:02:34.961459
INFO:root:Beginning ESPN players incrementals pipeline 2019-03-22 22:03:25.156415
INFO:root:Beginning ESPN players incrementals pipeline 2019-03-22 22:03:55.969568
INFO:root:Beginning ESPN players incrementals pipeline 2019-03-22 22:04:13.516381
INFO:root:Beginning ESPN players incrementals pipeline 2019-03-22 22:04:25.537665
INFO:root:Beginning ESPN players incrementals pipeline 2019-03-22 22:05:52.854438
INFO:root:Beginning ESPN players incrementals pipeline 2019-03-22 22:06:30.322398
INFO:root:Beginning ESPN players incrementals pipeline 2019-03-22 22:07:07.581313
INFO:root:Beginning ESPN players incrementals pipeline 2019-03-22 22:07:47.537493
INFO:root:ESPN players incrementals pipeline completed successfully 2019-03-22 22:07:48.629539
INFO:root:Beginning ESPN players incrementals pipeline 2019-03-22 22:09:04.548092
INFO:root:ESPN players incrementals pipeline completed successfully 2019-03-22 22:09:05.686423
INFO:root:Beginning ESPN players incrementals pipeline 2019-03-22 22:09:58.599987
INFO:root:Beginning ESPN players incrementals pipeline 2019-03-22 22:14:36.872666
INFO:root:ESPN players incrementals pipeline completed successfully 2019-03-22 22:17:07.809643
INFO:root:Beginning ESPN players incrementals pipeline 2019-03-22 22:22:03.110239
INFO:root:Beginning ESPN players incrementals pipeline 2019-03-22 22:25:07.430557
INFO:root:Beginning ESPN players incrementals pipeline 2019-03-22 22:25:36.372652
INFO:root:Beginning ESPN players incrementals pipeline 2019-03-22 22:27:46.840922
INFO:root:Beginning ESPN players incrementals pipeline 2019-03-22 22:28:49.923279
INFO:root:Beginning ESPN players incrementals pipeline 2019-03-22 22:37:14.775781
INFO:root:Beginning ESPN players incrementals pipeline 2019-03-22 22:38:15.352813
INFO:root:Beginning ESPN players incrementals pipeline 2019-03-22 22:39:07.080245
INFO:root:Beginning ESPN players incrementals pipeline 2019-03-22 22:55:43.334349
INFO:root:Beginning ESPN players incrementals pipeline 2019-03-22 22:56:11.310743
INFO:root:Beginning ESPN players incrementals pipeline 2019-03-22 22:57:21.242429
INFO:root:Beginning ESPN players incrementals pipeline 2019-03-22 23:00:17.398082
INFO:root:Beginning ESPN players incrementals pipeline 2019-03-22 23:00:46.109727
INFO:root:Beginning ESPN players incrementals pipeline 2019-03-22 23:01:15.464431
INFO:root:Beginning ESPN players incrementals pipeline 2019-03-22 23:01:40.468447
INFO:root:Beginning ESPN players incrementals pipeline 2019-03-22 23:02:15.281929
INFO:root:Beginning ESPN players incrementals pipeline 2019-03-22 23:06:32.083589
INFO:root:Beginning ESPN players incrementals pipeline 2019-03-22 23:09:34.194742
INFO:root:Beginning ESPN players incrementals pipeline 2019-03-22 23:13:49.984171
INFO:root:Beginning ESPN players incrementals pipeline 2019-03-22 23:14:35.751572
INFO:root:Beginning ESPN players incrementals pipeline 2019-03-22 23:19:15.627781
INFO:root:Beginning ESPN players incrementals pipeline 2019-03-22 23:21:52.685587
INFO:root:Beginning ESPN players incrementals pipeline 2019-03-22 23:27:58.912585
INFO:root:Beginning ESPN players incrementals pipeline 2019-03-22 23:31:43.483448
INFO:root:Beginning ESPN players incrementals pipeline 2019-03-22 23:33:30.052696
INFO:root:Beginning ESPN players incrementals pipeline 2019-03-22 23:35:47.340206
INFO:root:Beginning ESPN players incrementals pipeline 2019-03-22 23:41:36.173491
INFO:root:Beginning ESPN players incrementals pipeline 2019-03-23 00:07:53.334863
INFO:root:ESPN players incrementals pipeline completed successfully 2019-03-23 00:09:06.292219
