INFO:root:Attempting to connect to nba_stats_staging database 2018-11-29 08:01:58.411038
INFO:root:Successfully connected to nba_stats_staging 2018-11-29 08:01:58.445687
INFO:root:Backing up nba_stats_backup database 2018-11-29 08:01:58.445920
INFO:root:Backing up complete 2018-11-29 08:02:05.473822
INFO:root:Compressing backup of nba_stats_backup database 2018-11-29 08:02:05.474108
INFO:root:Compression complete 2018-11-29 08:02:17.463021
INFO:root:Beginning ESPN players incrementals pipeline 2018-11-29 08:02:17.463209
INFO:root:ESPN players incrementals pipeline completed 2018-11-29 08:03:47.987798
INFO:root:Beginning ESPN team incrementials pipeline 2018-11-29 08:03:48.009303
INFO:root:Beginning ESPN team standings pipeline 2018-11-29 08:03:49.959176
INFO:root:ESPN team standings pipeline completed successfully 2018-11-29 08:03:50.958555
INFO:root:Beginning NBA Reference players incrementals pipeline 2018-11-29 08:03:50.960586
INFO:root:[FAILED TO BOXSCORE DATA]: https://www.basketball-reference.com/boxscores/?month=11&day=28&year=2018
INFO:root:[FAILED TO BOXSCORE DATA]: https://www.basketball-reference.com/boxscores/?month=11&day=28&year=2018
INFO:root:[FAILED TO BOXSCORE DATA]: https://www.basketball-reference.com/boxscores/?month=11&day=28&year=2018
INFO:root:[FAILED TO BOXSCORE DATA]: https://www.basketball-reference.com/boxscores/?month=11&day=28&year=2018
INFO:root:[FAILED TO BOXSCORE DATA]: https://www.basketball-reference.com/boxscores/?month=11&day=28&year=2018
INFO:root:[FAILED TO BOXSCORE DATA]: https://www.basketball-reference.com/boxscores/?month=11&day=28&year=2018
INFO:root:[FAILED TO BOXSCORE DATA]: https://www.basketball-reference.com/boxscores/?month=11&day=28&year=2018
INFO:root:[FAILED TO BOXSCORE DATA]: https://www.basketball-reference.com/boxscores/?month=11&day=28&year=2018
INFO:root:[FAILED TO BOXSCORE DATA]: https://www.basketball-reference.com/boxscores/?month=11&day=28&year=2018
INFO:root:[FAILED TO BOXSCORE DATA]: https://www.basketball-reference.com/boxscores/?month=11&day=28&year=2018
INFO:root:[FAILED TO BOXSCORE DATA]: https://www.basketball-reference.com/boxscores/?month=11&day=28&year=2018
INFO:root:[FAILED TO BOXSCORE DATA]: https://www.basketball-reference.com/boxscores/?month=11&day=28&year=2018
INFO:root:[FAILED TO BOXSCORE DATA]: https://www.basketball-reference.com/boxscores/?month=11&day=28&year=2018
INFO:root:[FAILED TO BOXSCORE DATA]: https://www.basketball-reference.com/boxscores/?month=11&day=28&year=2018
INFO:root:[FAILED TO BOXSCORE DATA]: https://www.basketball-reference.com/boxscores/?month=11&day=28&year=2018
INFO:root:[FAILED TO BOXSCORE DATA]: https://www.basketball-reference.com/boxscores/?month=11&day=28&year=2018
INFO:root:[FAILED TO BOXSCORE DATA]: https://www.basketball-reference.com/boxscores/?month=11&day=28&year=2018
INFO:root:[FAILED TO BOXSCORE DATA]: https://www.basketball-reference.com/boxscores/?month=11&day=28&year=2018
INFO:root:[FAILED TO BOXSCORE DATA]: https://www.basketball-reference.com/boxscores/?month=11&day=28&year=2018
INFO:root:[FAILED TO BOXSCORE DATA]: https://www.basketball-reference.com/boxscores/?month=11&day=28&year=2018
INFO:root:[FAILED TO BOXSCORE DATA]: https://www.basketball-reference.com/boxscores/?month=11&day=28&year=2018
INFO:root:[FAILED TO BOXSCORE DATA]: https://www.basketball-reference.com/boxscores/?month=11&day=28&year=2018
INFO:root:[FAILED TO BOXSCORE DATA]: https://www.basketball-reference.com/boxscores/?month=11&day=28&year=2018
INFO:root:[FAILED TO BOXSCORE DATA]: https://www.basketball-reference.com/boxscores/?month=11&day=28&year=2018
INFO:root:[FAILED TO BOXSCORE DATA]: https://www.basketball-reference.com/boxscores/?month=11&day=28&year=2018
INFO:root:[FAILED TO BOXSCORE DATA]: https://www.basketball-reference.com/boxscores/?month=11&day=28&year=2018
INFO:root:[FAILED TO BOXSCORE DATA]: https://www.basketball-reference.com/boxscores/?month=11&day=28&year=2018
INFO:root:[FAILED TO BOXSCORE DATA]: https://www.basketball-reference.com/boxscores/?month=11&day=28&year=2018
INFO:root:[FAILED TO BOXSCORE DATA]: https://www.basketball-reference.com/boxscores/?month=11&day=28&year=2018
INFO:root:[FAILED TO BOXSCORE DATA]: https://www.basketball-reference.com/boxscores/?month=11&day=28&year=2018
INFO:root:[FAILED TO BOXSCORE DATA]: https://www.basketball-reference.com/boxscores/?month=11&day=28&year=2018
INFO:root:[FAILED TO BOXSCORE DATA]: https://www.basketball-reference.com/boxscores/?month=11&day=28&year=2018
INFO:root:[FAILED TO BOXSCORE DATA]: https://www.basketball-reference.com/boxscores/?month=11&day=28&year=2018
INFO:root:[FAILED TO BOXSCORE DATA]: https://www.basketball-reference.com/boxscores/?month=11&day=28&year=2018
INFO:root:[FAILED TO BOXSCORE DATA]: https://www.basketball-reference.com/boxscores/?month=11&day=28&year=2018
INFO:root:[FAILED TO BOXSCORE DATA]: https://www.basketball-reference.com/boxscores/?month=11&day=28&year=2018
INFO:root:[FAILED TO BOXSCORE DATA]: https://www.basketball-reference.com/boxscores/?month=11&day=28&year=2018
INFO:root:[FAILED TO BOXSCORE DATA]: https://www.basketball-reference.com/boxscores/?month=11&day=28&year=2018
INFO:root:[FAILED TO BOXSCORE DATA]: https://www.basketball-reference.com/boxscores/201811280BRK.html
INFO:root:[FAILED TO BOXSCORE DATA]: https://www.basketball-reference.com/boxscores/201811280BRK.html
INFO:root:[FAILED TO BOXSCORE DATA]: https://www.basketball-reference.com/boxscores/201811280BRK.html
INFO:root:[FAILED TO BOXSCORE DATA]: https://www.basketball-reference.com/boxscores/201811280BRK.html
INFO:root:[FAILED TO BOXSCORE DATA]: https://www.basketball-reference.com/boxscores/201811280BRK.html
INFO:root:[FAILED TO BOXSCORE DATA]: https://www.basketball-reference.com/boxscores/201811280BRK.html
INFO:root:[FAILED TO BOXSCORE DATA]: https://www.basketball-reference.com/boxscores/201811280BRK.html
INFO:root:[FAILED TO BOXSCORE DATA]: https://www.basketball-reference.com/boxscores/?month=11&day=29&year=2018
INFO:root:[FAILED TO BOXSCORE DATA]: https://www.basketball-reference.com/boxscores/201811280BRK.html
INFO:root:[FAILED TO BOXSCORE DATA]: https://www.basketball-reference.com/boxscores/?month=11&day=29&year=2018
INFO:root:[FAILED TO BOXSCORE DATA]: https://www.basketball-reference.com/boxscores/201811280CHO.html
INFO:root:[FAILED TO BOXSCORE DATA]: https://www.basketball-reference.com/boxscores/?month=11&day=29&year=2018
INFO:root:[FAILED TO BOXSCORE DATA]: https://www.basketball-reference.com/boxscores/201811280CHO.html
INFO:root:[FAILED TO BOXSCORE DATA]: https://www.basketball-reference.com/boxscores/?month=11&day=29&year=2018
INFO:root:[FAILED TO BOXSCORE DATA]: https://www.basketball-reference.com/boxscores/201811280CHO.html
INFO:root:[FAILED TO BOXSCORE DATA]: https://www.basketball-reference.com/boxscores/?month=11&day=29&year=2018
INFO:root:[FAILED TO BOXSCORE DATA]: https://www.basketball-reference.com/boxscores/201811280CHO.html
INFO:root:[FAILED TO BOXSCORE DATA]: https://www.basketball-reference.com/boxscores/?month=11&day=29&year=2018
INFO:root:[FAILED TO BOXSCORE DATA]: https://www.basketball-reference.com/boxscores/201811280CHO.html
INFO:root:[FAILED TO BOXSCORE DATA]: https://www.basketball-reference.com/boxscores/?month=11&day=29&year=2018
INFO:root:[FAILED TO BOXSCORE DATA]: https://www.basketball-reference.com/boxscores/201811280CHO.html
INFO:root:[FAILED TO BOXSCORE DATA]: https://www.basketball-reference.com/boxscores/?month=11&day=29&year=2018
INFO:root:[FAILED TO BOXSCORE DATA]: https://www.basketball-reference.com/boxscores/201811280CHO.html
INFO:root:[FAILED TO BOXSCORE DATA]: https://www.basketball-reference.com/boxscores/?month=11&day=29&year=2018
INFO:root:[FAILED TO BOXSCORE DATA]: https://www.basketball-reference.com/boxscores/201811280CHO.html
INFO:root:[FAILED TO BOXSCORE DATA]: https://www.basketball-reference.com/boxscores/?month=11&day=29&year=2018
INFO:root:[FAILED TO BOXSCORE DATA]: https://www.basketball-reference.com/boxscores/?month=11&day=29&year=2018
INFO:root:[FAILED TO BOXSCORE DATA]: https://www.basketball-reference.com/boxscores/201811280HOU.html
INFO:root:[FAILED TO BOXSCORE DATA]: https://www.basketball-reference.com/boxscores/?month=11&day=29&year=2018
INFO:root:[FAILED TO BOXSCORE DATA]: https://www.basketball-reference.com/boxscores/201811280HOU.html
INFO:root:[FAILED TO BOXSCORE DATA]: https://www.basketball-reference.com/boxscores/?month=11&day=29&year=2018
INFO:root:[FAILED TO BOXSCORE DATA]: https://www.basketball-reference.com/boxscores/201811280HOU.html
INFO:root:[FAILED TO BOXSCORE DATA]: https://www.basketball-reference.com/boxscores/?month=11&day=29&year=2018
INFO:root:[FAILED TO BOXSCORE DATA]: https://www.basketball-reference.com/boxscores/201811280HOU.html
INFO:root:[FAILED TO BOXSCORE DATA]: https://www.basketball-reference.com/boxscores/?month=11&day=29&year=2018
INFO:root:[FAILED TO BOXSCORE DATA]: https://www.basketball-reference.com/boxscores/201811280HOU.html
INFO:root:[FAILED TO BOXSCORE DATA]: https://www.basketball-reference.com/boxscores/?month=11&day=29&year=2018
INFO:root:[FAILED TO BOXSCORE DATA]: https://www.basketball-reference.com/boxscores/201811280HOU.html
INFO:root:[FAILED TO BOXSCORE DATA]: https://www.basketball-reference.com/boxscores/?month=11&day=29&year=2018
INFO:root:[FAILED TO BOXSCORE DATA]: https://www.basketball-reference.com/boxscores/201811280HOU.html
INFO:root:[FAILED TO BOXSCORE DATA]: https://www.basketball-reference.com/boxscores/?month=11&day=29&year=2018
INFO:root:[FAILED TO BOXSCORE DATA]: https://www.basketball-reference.com/boxscores/201811280HOU.html
INFO:root:[FAILED TO BOXSCORE DATA]: https://www.basketball-reference.com/boxscores/?month=11&day=29&year=2018
INFO:root:[FAILED TO BOXSCORE DATA]: https://www.basketball-reference.com/boxscores/201811280LAC.html
INFO:root:[FAILED TO BOXSCORE DATA]: https://www.basketball-reference.com/boxscores/?month=11&day=29&year=2018
INFO:root:[FAILED TO BOXSCORE DATA]: https://www.basketball-reference.com/boxscores/201811280LAC.html
INFO:root:[FAILED TO BOXSCORE DATA]: https://www.basketball-reference.com/boxscores/?month=11&day=29&year=2018
INFO:root:[FAILED TO BOXSCORE DATA]: https://www.basketball-reference.com/boxscores/201811280LAC.html
INFO:root:[FAILED TO BOXSCORE DATA]: https://www.basketball-reference.com/boxscores/?month=11&day=29&year=2018
INFO:root:[FAILED TO BOXSCORE DATA]: https://www.basketball-reference.com/boxscores/201811280LAC.html
INFO:root:[FAILED TO BOXSCORE DATA]: https://www.basketball-reference.com/boxscores/?month=11&day=29&year=2018
INFO:root:[FAILED TO BOXSCORE DATA]: https://www.basketball-reference.com/boxscores/201811280LAC.html
INFO:root:[FAILED TO BOXSCORE DATA]: https://www.basketball-reference.com/boxscores/?month=11&day=29&year=2018
INFO:root:[FAILED TO BOXSCORE DATA]: https://www.basketball-reference.com/boxscores/201811280LAC.html
INFO:root:[FAILED TO BOXSCORE DATA]: https://www.basketball-reference.com/boxscores/?month=11&day=29&year=2018
INFO:root:[FAILED TO BOXSCORE DATA]: https://www.basketball-reference.com/boxscores/201811280LAC.html
INFO:root:[FAILED TO BOXSCORE DATA]: https://www.basketball-reference.com/boxscores/?month=11&day=29&year=2018
INFO:root:[FAILED TO BOXSCORE DATA]: https://www.basketball-reference.com/boxscores/201811280LAC.html
INFO:root:[FAILED TO BOXSCORE DATA]: https://www.basketball-reference.com/boxscores/?month=11&day=29&year=2018
INFO:root:[FAILED TO BOXSCORE DATA]: https://www.basketball-reference.com/boxscores/201811280MIL.html
INFO:root:[FAILED TO BOXSCORE DATA]: https://www.basketball-reference.com/boxscores/?month=11&day=29&year=2018
INFO:root:[FAILED TO BOXSCORE DATA]: https://www.basketball-reference.com/boxscores/201811280MIL.html
INFO:root:[FAILED TO BOXSCORE DATA]: https://www.basketball-reference.com/boxscores/?month=11&day=29&year=2018
INFO:root:[FAILED TO BOXSCORE DATA]: https://www.basketball-reference.com/boxscores/201811280MIL.html
INFO:root:[FAILED TO BOXSCORE DATA]: https://www.basketball-reference.com/boxscores/?month=11&day=29&year=2018
INFO:root:[FAILED TO BOXSCORE DATA]: https://www.basketball-reference.com/boxscores/201811280MIL.html
INFO:root:[FAILED TO BOXSCORE DATA]: https://www.basketball-reference.com/boxscores/?month=11&day=29&year=2018
INFO:root:[FAILED TO BOXSCORE DATA]: https://www.basketball-reference.com/boxscores/201811280MIL.html
INFO:root:[FAILED TO BOXSCORE DATA]: https://www.basketball-reference.com/boxscores/?month=11&day=29&year=2018
INFO:root:[FAILED TO BOXSCORE DATA]: https://www.basketball-reference.com/boxscores/201811280MIL.html
INFO:root:[FAILED TO BOXSCORE DATA]: https://www.basketball-reference.com/boxscores/?month=11&day=29&year=2018
INFO:root:[FAILED TO BOXSCORE DATA]: https://www.basketball-reference.com/boxscores/201811280MIL.html
INFO:root:[FAILED TO BOXSCORE DATA]: https://www.basketball-reference.com/boxscores/?month=11&day=29&year=2018
INFO:root:[FAILED TO BOXSCORE DATA]: https://www.basketball-reference.com/boxscores/201811280MIL.html
INFO:root:[FAILED TO BOXSCORE DATA]: https://www.basketball-reference.com/boxscores/?month=11&day=29&year=2018
INFO:root:[FAILED TO BOXSCORE DATA]: https://www.basketball-reference.com/boxscores/201811280MIN.html
INFO:root:[FAILED TO BOXSCORE DATA]: https://www.basketball-reference.com/boxscores/?month=11&day=29&year=2018
INFO:root:[FAILED TO BOXSCORE DATA]: https://www.basketball-reference.com/boxscores/201811280MIN.html
INFO:root:[FAILED TO BOXSCORE DATA]: https://www.basketball-reference.com/boxscores/?month=11&day=29&year=2018
INFO:root:[FAILED TO BOXSCORE DATA]: https://www.basketball-reference.com/boxscores/201811280MIN.html
INFO:root:[FAILED TO BOXSCORE DATA]: https://www.basketball-reference.com/boxscores/?month=11&day=29&year=2018
INFO:root:[FAILED TO BOXSCORE DATA]: https://www.basketball-reference.com/boxscores/201811280MIN.html
INFO:root:[FAILED TO BOXSCORE DATA]: https://www.basketball-reference.com/boxscores/?month=11&day=29&year=2018
INFO:root:[FAILED TO BOXSCORE DATA]: https://www.basketball-reference.com/boxscores/201811280MIN.html
INFO:root:[FAILED TO BOXSCORE DATA]: https://www.basketball-reference.com/boxscores/?month=11&day=29&year=2018
INFO:root:[FAILED TO BOXSCORE DATA]: https://www.basketball-reference.com/boxscores/201811280MIN.html
INFO:root:[FAILED TO BOXSCORE DATA]: https://www.basketball-reference.com/boxscores/?month=11&day=29&year=2018
INFO:root:[FAILED TO BOXSCORE DATA]: https://www.basketball-reference.com/boxscores/201811280MIN.html
INFO:root:[FAILED TO BOXSCORE DATA]: https://www.basketball-reference.com/boxscores/?month=11&day=29&year=2018
INFO:root:[FAILED TO BOXSCORE DATA]: https://www.basketball-reference.com/boxscores/201811280MIN.html
INFO:root:[FAILED TO BOXSCORE DATA]: https://www.basketball-reference.com/boxscores/?month=11&day=29&year=2018
INFO:root:[FAILED TO BOXSCORE DATA]: https://www.basketball-reference.com/boxscores/201811280NOP.html
INFO:root:[FAILED TO BOXSCORE DATA]: https://www.basketball-reference.com/boxscores/?month=11&day=29&year=2018
INFO:root:[FAILED TO BOXSCORE DATA]: https://www.basketball-reference.com/boxscores/201811280NOP.html
INFO:root:[FAILED TO BOXSCORE DATA]: https://www.basketball-reference.com/boxscores/?month=11&day=29&year=2018
INFO:root:[FAILED TO BOXSCORE DATA]: https://www.basketball-reference.com/boxscores/201811280NOP.html
INFO:root:[FAILED TO BOXSCORE DATA]: https://www.basketball-reference.com/boxscores/?month=11&day=29&year=2018
INFO:root:[FAILED TO BOXSCORE DATA]: https://www.basketball-reference.com/boxscores/201811280NOP.html
INFO:root:[FAILED TO BOXSCORE DATA]: https://www.basketball-reference.com/boxscores/?month=11&day=29&year=2018
INFO:root:[FAILED TO BOXSCORE DATA]: https://www.basketball-reference.com/boxscores/201811280NOP.html
INFO:root:[FAILED TO BOXSCORE DATA]: https://www.basketball-reference.com/boxscores/?month=11&day=29&year=2018
INFO:root:[FAILED TO BOXSCORE DATA]: https://www.basketball-reference.com/boxscores/201811280NOP.html
INFO:root:[FAILED TO BOXSCORE DATA]: https://www.basketball-reference.com/boxscores/?month=11&day=29&year=2018
INFO:root:[FAILED TO BOXSCORE DATA]: https://www.basketball-reference.com/boxscores/201811280NOP.html
INFO:root:[FAILED TO BOXSCORE DATA]: https://www.basketball-reference.com/boxscores/?month=11&day=29&year=2018
INFO:root:[FAILED TO BOXSCORE DATA]: https://www.basketball-reference.com/boxscores/201811280NOP.html
INFO:root:[FAILED TO BOXSCORE DATA]: https://www.basketball-reference.com/boxscores/?month=11&day=29&year=2018
INFO:root:[FAILED TO BOXSCORE DATA]: https://www.basketball-reference.com/boxscores/201811280OKC.html
INFO:root:[FAILED TO BOXSCORE DATA]: https://www.basketball-reference.com/boxscores/?month=11&day=29&year=2018
INFO:root:[FAILED TO BOXSCORE DATA]: https://www.basketball-reference.com/boxscores/201811280OKC.html
INFO:root:[FAILED TO BOXSCORE DATA]: https://www.basketball-reference.com/boxscores/?month=11&day=29&year=2018
INFO:root:[FAILED TO BOXSCORE DATA]: https://www.basketball-reference.com/boxscores/201811280OKC.html
INFO:root:[FAILED TO BOXSCORE DATA]: https://www.basketball-reference.com/boxscores/?month=11&day=29&year=2018
INFO:root:[FAILED TO BOXSCORE DATA]: https://www.basketball-reference.com/boxscores/201811280OKC.html
INFO:root:[FAILED TO BOXSCORE DATA]: https://www.basketball-reference.com/boxscores/?month=11&day=29&year=2018
INFO:root:[FAILED TO BOXSCORE DATA]: https://www.basketball-reference.com/boxscores/201811280OKC.html
INFO:root:[FAILED TO BOXSCORE DATA]: https://www.basketball-reference.com/boxscores/?month=11&day=29&year=2018
INFO:root:[FAILED TO BOXSCORE DATA]: https://www.basketball-reference.com/boxscores/201811280OKC.html
INFO:root:[FAILED TO BOXSCORE DATA]: https://www.basketball-reference.com/boxscores/?month=11&day=29&year=2018
INFO:root:[FAILED TO BOXSCORE DATA]: https://www.basketball-reference.com/boxscores/201811280OKC.html
INFO:root:[FAILED TO BOXSCORE DATA]: https://www.basketball-reference.com/boxscores/?month=11&day=29&year=2018
INFO:root:[FAILED TO BOXSCORE DATA]: https://www.basketball-reference.com/boxscores/201811280OKC.html
INFO:root:[FAILED TO BOXSCORE DATA]: https://www.basketball-reference.com/boxscores/?month=11&day=29&year=2018
INFO:root:[FAILED TO BOXSCORE DATA]: https://www.basketball-reference.com/boxscores/201811280PHI.html
INFO:root:[FAILED TO BOXSCORE DATA]: https://www.basketball-reference.com/boxscores/?month=11&day=29&year=2018
INFO:root:[FAILED TO BOXSCORE DATA]: https://www.basketball-reference.com/boxscores/201811280PHI.html
INFO:root:[FAILED TO BOXSCORE DATA]: https://www.basketball-reference.com/boxscores/?month=11&day=29&year=2018
INFO:root:[FAILED TO BOXSCORE DATA]: https://www.basketball-reference.com/boxscores/201811280PHI.html
INFO:root:[FAILED TO BOXSCORE DATA]: https://www.basketball-reference.com/boxscores/?month=11&day=29&year=2018
INFO:root:[FAILED TO BOXSCORE DATA]: https://www.basketball-reference.com/boxscores/201811280PHI.html
INFO:root:[FAILED TO BOXSCORE DATA]: https://www.basketball-reference.com/boxscores/?month=11&day=29&year=2018
INFO:root:[FAILED TO BOXSCORE DATA]: https://www.basketball-reference.com/boxscores/201811280PHI.html
INFO:root:[FAILED TO BOXSCORE DATA]: https://www.basketball-reference.com/boxscores/?month=11&day=29&year=2018
INFO:root:[FAILED TO BOXSCORE DATA]: https://www.basketball-reference.com/boxscores/201811280PHI.html
INFO:root:[FAILED TO BOXSCORE DATA]: https://www.basketball-reference.com/boxscores/?month=11&day=29&year=2018
INFO:root:[FAILED TO BOXSCORE DATA]: https://www.basketball-reference.com/boxscores/201811280PHI.html
INFO:root:[FAILED TO BOXSCORE DATA]: https://www.basketball-reference.com/boxscores/?month=11&day=29&year=2018
INFO:root:[FAILED TO BOXSCORE DATA]: https://www.basketball-reference.com/boxscores/201811280PHI.html
INFO:root:[FAILED TO BOXSCORE DATA]: https://www.basketball-reference.com/boxscores/?month=11&day=29&year=2018
INFO:root:[FAILED TO BOXSCORE DATA]: https://www.basketball-reference.com/boxscores/201811280POR.html
INFO:root:[FAILED TO BOXSCORE DATA]: https://www.basketball-reference.com/boxscores/?month=11&day=29&year=2018
INFO:root:[FAILED TO BOXSCORE DATA]: https://www.basketball-reference.com/boxscores/201811280POR.html
INFO:root:[FAILED TO BOXSCORE DATA]: https://www.basketball-reference.com/boxscores/?month=11&day=29&year=2018
INFO:root:[FAILED TO BOXSCORE DATA]: https://www.basketball-reference.com/boxscores/201811280POR.html
INFO:root:[FAILED TO BOXSCORE DATA]: https://www.basketball-reference.com/boxscores/?month=11&day=29&year=2018
INFO:root:[FAILED TO BOXSCORE DATA]: https://www.basketball-reference.com/boxscores/201811280POR.html
INFO:root:[FAILED TO BOXSCORE DATA]: https://www.basketball-reference.com/boxscores/?month=11&day=29&year=2018
INFO:root:[FAILED TO BOXSCORE DATA]: https://www.basketball-reference.com/boxscores/201811280POR.html
INFO:root:[FAILED TO BOXSCORE DATA]: https://www.basketball-reference.com/boxscores/?month=11&day=29&year=2018
INFO:root:[FAILED TO BOXSCORE DATA]: https://www.basketball-reference.com/boxscores/201811280POR.html
INFO:root:[FAILED TO BOXSCORE DATA]: https://www.basketball-reference.com/boxscores/?month=11&day=29&year=2018
INFO:root:[FAILED TO BOXSCORE DATA]: https://www.basketball-reference.com/boxscores/201811280POR.html
INFO:root:[FAILED TO BOXSCORE DATA]: https://www.basketball-reference.com/boxscores/?month=11&day=29&year=2018
INFO:root:[FAILED TO BOXSCORE DATA]: https://www.basketball-reference.com/boxscores/201811280POR.html
INFO:root:[FAILED TO BOXSCORE DATA]: https://www.basketball-reference.com/boxscores/?month=11&day=29&year=2018
INFO:root:[FAILED TO BOXSCORE DATA]: https://www.basketball-reference.com/boxscores/201811280POR.html
INFO:root:[FAILED TO BOXSCORE DATA]: https://www.basketball-reference.com/boxscores/?month=11&day=29&year=2018
INFO:root:[FAILED TO BOXSCORE DATA]: https://www.basketball-reference.com/boxscores/201811280POR.html
INFO:root:[FAILED TO BOXSCORE DATA]: https://www.basketball-reference.com/boxscores/?month=11&day=29&year=2018
INFO:root:[FAILED TO BOXSCORE DATA]: https://www.basketball-reference.com/boxscores/201811280POR.html
INFO:root:[FAILED TO BOXSCORE DATA]: https://www.basketball-reference.com/boxscores/?month=11&day=29&year=2018
INFO:root:[FAILED TO BOXSCORE DATA]: https://www.basketball-reference.com/boxscores/201811280POR.html
INFO:root:[FAILED TO BOXSCORE DATA]: https://www.basketball-reference.com/boxscores/?month=11&day=29&year=2018
INFO:root:[FAILED TO BOXSCORE DATA]: https://www.basketball-reference.com/boxscores/201811280POR.html
INFO:root:[FAILED TO BOXSCORE DATA]: https://www.basketball-reference.com/boxscores/?month=11&day=29&year=2018
INFO:root:[FAILED TO BOXSCORE DATA]: https://www.basketball-reference.com/boxscores/201811280POR.html
INFO:root:[FAILED TO BOXSCORE DATA]: https://www.basketball-reference.com/boxscores/?month=11&day=29&year=2018
INFO:root:[FAILED TO BOXSCORE DATA]: https://www.basketball-reference.com/boxscores/201811280POR.html
INFO:root:[FAILED TO BOXSCORE DATA]: https://www.basketball-reference.com/boxscores/?month=11&day=29&year=2018
INFO:root:[FAILED TO BOXSCORE DATA]: https://www.basketball-reference.com/boxscores/201811280POR.html
INFO:root:[FAILED TO BOXSCORE DATA]: https://www.basketball-reference.com/boxscores/?month=11&day=29&year=2018
INFO:root:[FAILED TO BOXSCORE DATA]: https://www.basketball-reference.com/boxscores/201811280POR.html
INFO:root:[FAILED TO BOXSCORE DATA]: https://www.basketball-reference.com/boxscores/?month=11&day=29&year=2018
INFO:root:[FAILED TO BOXSCORE DATA]: https://www.basketball-reference.com/boxscores/201811280POR.html
INFO:root:[FAILED TO BOXSCORE DATA]: https://www.basketball-reference.com/boxscores/?month=11&day=29&year=2018
INFO:root:[FAILED TO BOXSCORE DATA]: https://www.basketball-reference.com/boxscores/201811280POR.html
INFO:root:[FAILED TO BOXSCORE DATA]: https://www.basketball-reference.com/boxscores/?month=11&day=29&year=2018
INFO:root:[FAILED TO BOXSCORE DATA]: https://www.basketball-reference.com/boxscores/201811280POR.html
INFO:root:[FAILED TO BOXSCORE DATA]: https://www.basketball-reference.com/boxscores/?month=11&day=29&year=2018
INFO:root:[FAILED TO BOXSCORE DATA]: https://www.basketball-reference.com/boxscores/201811280POR.html
INFO:root:[FAILED TO BOXSCORE DATA]: https://www.basketball-reference.com/boxscores/?month=11&day=29&year=2018
INFO:root:[FAILED TO BOXSCORE DATA]: https://www.basketball-reference.com/boxscores/201811280POR.html
INFO:root:[FAILED TO BOXSCORE DATA]: https://www.basketball-reference.com/boxscores/?month=11&day=29&year=2018
INFO:root:[FAILED TO BOXSCORE DATA]: https://www.basketball-reference.com/boxscores/201811280POR.html
INFO:root:[FAILED TO BOXSCORE DATA]: https://www.basketball-reference.com/boxscores/?month=11&day=29&year=2018
INFO:root:[FAILED TO BOXSCORE DATA]: https://www.basketball-reference.com/boxscores/201811280POR.html
INFO:root:[FAILED TO BOXSCORE DATA]: https://www.basketball-reference.com/boxscores/?month=11&day=29&year=2018
INFO:root:[FAILED TO BOXSCORE DATA]: https://www.basketball-reference.com/boxscores/201811280POR.html
INFO:root:[FAILED TO BOXSCORE DATA]: https://www.basketball-reference.com/boxscores/?month=11&day=29&year=2018
INFO:root:[FAILED TO BOXSCORE DATA]: https://www.basketball-reference.com/boxscores/201811280POR.html
INFO:root:[FAILED TO BOXSCORE DATA]: https://www.basketball-reference.com/boxscores/?month=11&day=29&year=2018
INFO:root:[FAILED TO BOXSCORE DATA]: https://www.basketball-reference.com/boxscores/201811280POR.html
INFO:root:[FAILED TO BOXSCORE DATA]: https://www.basketball-reference.com/boxscores/?month=11&day=29&year=2018
INFO:root:[FAILED TO BOXSCORE DATA]: https://www.basketball-reference.com/boxscores/201811280POR.html
INFO:root:[FAILED TO BOXSCORE DATA]: https://www.basketball-reference.com/boxscores/?month=11&day=29&year=2018
INFO:root:[FAILED TO BOXSCORE DATA]: https://www.basketball-reference.com/boxscores/201811280POR.html
INFO:root:[FAILED TO BOXSCORE DATA]: https://www.basketball-reference.com/boxscores/?month=11&day=29&year=2018
INFO:root:[FAILED TO BOXSCORE DATA]: https://www.basketball-reference.com/boxscores/201811280POR.html
INFO:root:[FAILED TO BOXSCORE DATA]: https://www.basketball-reference.com/boxscores/?month=11&day=29&year=2018
INFO:root:[FAILED TO BOXSCORE DATA]: https://www.basketball-reference.com/boxscores/201811280POR.html
INFO:root:[FAILED TO BOXSCORE DATA]: https://www.basketball-reference.com/boxscores/?month=11&day=29&year=2018
INFO:root:[FAILED TO BOXSCORE DATA]: https://www.basketball-reference.com/boxscores/201811280POR.html
INFO:root:[FAILED TO BOXSCORE DATA]: https://www.basketball-reference.com/boxscores/?month=11&day=29&year=2018
INFO:root:[FAILED TO BOXSCORE DATA]: https://www.basketball-reference.com/boxscores/201811280POR.html
INFO:root:[FAILED TO BOXSCORE DATA]: https://www.basketball-reference.com/boxscores/?month=11&day=29&year=2018
INFO:root:[FAILED TO BOXSCORE DATA]: https://www.basketball-reference.com/boxscores/201811280POR.html
INFO:root:[FAILED TO BOXSCORE DATA]: https://www.basketball-reference.com/boxscores/?month=11&day=29&year=2018
INFO:root:[FAILED TO BOXSCORE DATA]: https://www.basketball-reference.com/boxscores/201811280POR.html
INFO:root:[FAILED TO BOXSCORE DATA]: https://www.basketball-reference.com/boxscores/?month=11&day=29&year=2018
INFO:root:[FAILED TO BOXSCORE DATA]: https://www.basketball-reference.com/boxscores/201811280POR.html
INFO:root:[FAILED TO BOXSCORE DATA]: https://www.basketball-reference.com/boxscores/?month=11&day=29&year=2018
INFO:root:[FAILED TO BOXSCORE DATA]: https://www.basketball-reference.com/boxscores/201811280POR.html
INFO:root:[FAILED TO BOXSCORE DATA]: https://www.basketball-reference.com/boxscores/?month=11&day=29&year=2018
INFO:root:[FAILED TO BOXSCORE DATA]: https://www.basketball-reference.com/boxscores/201811280POR.html
INFO:root:[FAILED TO BOXSCORE DATA]: https://www.basketball-reference.com/boxscores/?month=11&day=29&year=2018
INFO:root:[FAILED TO BOXSCORE DATA]: https://www.basketball-reference.com/boxscores/201811280POR.html
INFO:root:[FAILED TO BOXSCORE DATA]: https://www.basketball-reference.com/boxscores/?month=11&day=29&year=2018
INFO:root:[FAILED TO BOXSCORE DATA]: https://www.basketball-reference.com/boxscores/201811280POR.html
INFO:root:[FAILED TO BOXSCORE DATA]: https://www.basketball-reference.com/boxscores/?month=11&day=29&year=2018
INFO:root:[FAILED TO BOXSCORE DATA]: https://www.basketball-reference.com/boxscores/201811280POR.html
INFO:root:[FAILED TO BOXSCORE DATA]: https://www.basketball-reference.com/boxscores/?month=11&day=29&year=2018
INFO:root:[FAILED TO BOXSCORE DATA]: https://www.basketball-reference.com/boxscores/201811280POR.html
INFO:root:[FAILED TO BOXSCORE DATA]: https://www.basketball-reference.com/boxscores/?month=11&day=29&year=2018
INFO:root:[FAILED TO BOXSCORE DATA]: https://www.basketball-reference.com/boxscores/201811280POR.html
INFO:root:[FAILED TO BOXSCORE DATA]: https://www.basketball-reference.com/boxscores/?month=11&day=29&year=2018
INFO:root:[FAILED TO BOXSCORE DATA]: https://www.basketball-reference.com/boxscores/201811280POR.html
INFO:root:[FAILED TO BOXSCORE DATA]: https://www.basketball-reference.com/boxscores/?month=11&day=29&year=2018
INFO:root:[FAILED TO BOXSCORE DATA]: https://www.basketball-reference.com/boxscores/201811280POR.html
INFO:root:[FAILED TO BOXSCORE DATA]: https://www.basketball-reference.com/boxscores/?month=11&day=29&year=2018
INFO:root:[FAILED TO BOXSCORE DATA]: https://www.basketball-reference.com/boxscores/201811280POR.html
INFO:root:[FAILED TO BOXSCORE DATA]: https://www.basketball-reference.com/boxscores/?month=11&day=29&year=2018
INFO:root:[FAILED TO BOXSCORE DATA]: https://www.basketball-reference.com/boxscores/201811280POR.html
INFO:root:[FAILED TO BOXSCORE DATA]: https://www.basketball-reference.com/boxscores/?month=11&day=29&year=2018
INFO:root:[FAILED TO BOXSCORE DATA]: https://www.basketball-reference.com/boxscores/201811280POR.html
INFO:root:[FAILED TO BOXSCORE DATA]: https://www.basketball-reference.com/boxscores/?month=11&day=29&year=2018
INFO:root:[FAILED TO BOXSCORE DATA]: https://www.basketball-reference.com/boxscores/201811280POR.html
INFO:root:[FAILED TO BOXSCORE DATA]: https://www.basketball-reference.com/boxscores/?month=11&day=29&year=2018
INFO:root:[FAILED TO BOXSCORE DATA]: https://www.basketball-reference.com/boxscores/201811280POR.html
INFO:root:[FAILED TO BOXSCORE DATA]: https://www.basketball-reference.com/boxscores/?month=11&day=29&year=2018
INFO:root:[FAILED TO BOXSCORE DATA]: https://www.basketball-reference.com/boxscores/201811280POR.html
INFO:root:[FAILED TO BOXSCORE DATA]: https://www.basketball-reference.com/boxscores/?month=11&day=29&year=2018
INFO:root:[FAILED TO BOXSCORE DATA]: https://www.basketball-reference.com/boxscores/201811280POR.html
INFO:root:[FAILED TO BOXSCORE DATA]: https://www.basketball-reference.com/boxscores/?month=11&day=29&year=2018
INFO:root:[FAILED TO BOXSCORE DATA]: https://www.basketball-reference.com/boxscores/201811280POR.html
INFO:root:[FAILED TO BOXSCORE DATA]: https://www.basketball-reference.com/boxscores/?month=11&day=29&year=2018
INFO:root:[FAILED TO BOXSCORE DATA]: https://www.basketball-reference.com/boxscores/201811280POR.html
INFO:root:[FAILED TO BOXSCORE DATA]: https://www.basketball-reference.com/boxscores/?month=11&day=29&year=2018
INFO:root:[FAILED TO BOXSCORE DATA]: https://www.basketball-reference.com/boxscores/201811280POR.html
INFO:root:[FAILED TO BOXSCORE DATA]: https://www.basketball-reference.com/boxscores/?month=11&day=29&year=2018
INFO:root:[FAILED TO BOXSCORE DATA]: https://www.basketball-reference.com/boxscores/201811280POR.html
INFO:root:[FAILED TO BOXSCORE DATA]: https://www.basketball-reference.com/boxscores/?month=11&day=29&year=2018
INFO:root:[FAILED TO BOXSCORE DATA]: https://www.basketball-reference.com/boxscores/201811280POR.html
INFO:root:[FAILED TO BOXSCORE DATA]: https://www.basketball-reference.com/boxscores/?month=11&day=29&year=2018
INFO:root:[FAILED TO BOXSCORE DATA]: https://www.basketball-reference.com/boxscores/201811280POR.html
INFO:root:[FAILED TO BOXSCORE DATA]: https://www.basketball-reference.com/boxscores/?month=11&day=29&year=2018
INFO:root:[FAILED TO BOXSCORE DATA]: https://www.basketball-reference.com/boxscores/201811280POR.html
INFO:root:[FAILED TO BOXSCORE DATA]: https://www.basketball-reference.com/boxscores/?month=11&day=29&year=2018
INFO:root:[FAILED TO BOXSCORE DATA]: https://www.basketball-reference.com/boxscores/201811280POR.html
INFO:root:[FAILED TO BOXSCORE DATA]: https://www.basketball-reference.com/boxscores/?month=11&day=29&year=2018
INFO:root:[FAILED TO BOXSCORE DATA]: https://www.basketball-reference.com/boxscores/201811280POR.html
INFO:root:[FAILED TO BOXSCORE DATA]: https://www.basketball-reference.com/boxscores/?month=11&day=29&year=2018
INFO:root:[FAILED TO BOXSCORE DATA]: https://www.basketball-reference.com/boxscores/201811280POR.html
INFO:root:[FAILED TO BOXSCORE DATA]: https://www.basketball-reference.com/boxscores/?month=11&day=29&year=2018
INFO:root:[FAILED TO BOXSCORE DATA]: https://www.basketball-reference.com/boxscores/201811280POR.html
INFO:root:[FAILED TO BOXSCORE DATA]: https://www.basketball-reference.com/boxscores/?month=11&day=29&year=2018
INFO:root:[FAILED TO BOXSCORE DATA]: https://www.basketball-reference.com/boxscores/201811280POR.html
INFO:root:[FAILED TO BOXSCORE DATA]: https://www.basketball-reference.com/boxscores/?month=11&day=29&year=2018
INFO:root:[FAILED TO BOXSCORE DATA]: https://www.basketball-reference.com/boxscores/201811280POR.html
INFO:root:[FAILED TO BOXSCORE DATA]: https://www.basketball-reference.com/boxscores/?month=11&day=29&year=2018
INFO:root:[FAILED TO BOXSCORE DATA]: https://www.basketball-reference.com/boxscores/201811280POR.html
INFO:root:[FAILED TO BOXSCORE DATA]: https://www.basketball-reference.com/boxscores/?month=11&day=29&year=2018
INFO:root:[FAILED TO BOXSCORE DATA]: https://www.basketball-reference.com/boxscores/201811280POR.html
INFO:root:[FAILED TO BOXSCORE DATA]: https://www.basketball-reference.com/boxscores/?month=11&day=29&year=2018
INFO:root:[FAILED TO BOXSCORE DATA]: https://www.basketball-reference.com/boxscores/201811280POR.html
INFO:root:[FAILED TO BOXSCORE DATA]: https://www.basketball-reference.com/boxscores/?month=11&day=29&year=2018
INFO:root:[FAILED TO BOXSCORE DATA]: https://www.basketball-reference.com/boxscores/201811280POR.html
INFO:root:[FAILED TO BOXSCORE DATA]: https://www.basketball-reference.com/boxscores/?month=11&day=29&year=2018
INFO:root:[FAILED TO BOXSCORE DATA]: https://www.basketball-reference.com/boxscores/201811280POR.html
INFO:root:[FAILED TO BOXSCORE DATA]: https://www.basketball-reference.com/boxscores/?month=11&day=29&year=2018
INFO:root:[FAILED TO BOXSCORE DATA]: https://www.basketball-reference.com/boxscores/201811280POR.html
INFO:root:[FAILED TO BOXSCORE DATA]: https://www.basketball-reference.com/boxscores/?month=11&day=29&year=2018
INFO:root:[FAILED TO BOXSCORE DATA]: https://www.basketball-reference.com/boxscores/201811280POR.html
INFO:root:[FAILED TO BOXSCORE DATA]: https://www.basketball-reference.com/boxscores/?month=11&day=29&year=2018
INFO:root:[FAILED TO BOXSCORE DATA]: https://www.basketball-reference.com/boxscores/201811280POR.html
INFO:root:[FAILED TO BOXSCORE DATA]: https://www.basketball-reference.com/boxscores/?month=11&day=29&year=2018
INFO:root:[FAILED TO BOXSCORE DATA]: https://www.basketball-reference.com/boxscores/201811280POR.html
INFO:root:[FAILED TO BOXSCORE DATA]: https://www.basketball-reference.com/boxscores/?month=11&day=29&year=2018
INFO:root:[FAILED TO BOXSCORE DATA]: https://www.basketball-reference.com/boxscores/201811280POR.html
INFO:root:[FAILED TO BOXSCORE DATA]: https://www.basketball-reference.com/boxscores/?month=11&day=29&year=2018
INFO:root:[FAILED TO BOXSCORE DATA]: https://www.basketball-reference.com/boxscores/201811280POR.html
INFO:root:[FAILED TO BOXSCORE DATA]: https://www.basketball-reference.com/boxscores/?month=11&day=29&year=2018
INFO:root:[FAILED TO BOXSCORE DATA]: https://www.basketball-reference.com/boxscores/201811280POR.html
INFO:root:[FAILED TO BOXSCORE DATA]: https://www.basketball-reference.com/boxscores/?month=11&day=29&year=2018
INFO:root:[FAILED TO BOXSCORE DATA]: https://www.basketball-reference.com/boxscores/201811280POR.html
INFO:root:[FAILED TO BOXSCORE DATA]: https://www.basketball-reference.com/boxscores/?month=11&day=29&year=2018
INFO:root:[FAILED TO BOXSCORE DATA]: https://www.basketball-reference.com/boxscores/201811280POR.html
INFO:root:[FAILED TO BOXSCORE DATA]: https://www.basketball-reference.com/boxscores/?month=11&day=29&year=2018
INFO:root:[FAILED TO BOXSCORE DATA]: https://www.basketball-reference.com/boxscores/201811280POR.html
INFO:root:[FAILED TO BOXSCORE DATA]: https://www.basketball-reference.com/boxscores/?month=11&day=29&year=2018
INFO:root:[FAILED TO BOXSCORE DATA]: https://www.basketball-reference.com/boxscores/201811280POR.html
INFO:root:[FAILED TO BOXSCORE DATA]: https://www.basketball-reference.com/boxscores/?month=11&day=29&year=2018
INFO:root:[FAILED TO BOXSCORE DATA]: https://www.basketball-reference.com/boxscores/201811280POR.html
INFO:root:[FAILED TO BOXSCORE DATA]: https://www.basketball-reference.com/boxscores/?month=11&day=29&year=2018
INFO:root:[FAILED TO BOXSCORE DATA]: https://www.basketball-reference.com/boxscores/201811280POR.html
INFO:root:[FAILED TO BOXSCORE DATA]: https://www.basketball-reference.com/boxscores/?month=11&day=29&year=2018
INFO:root:[FAILED TO BOXSCORE DATA]: https://www.basketball-reference.com/boxscores/201811280POR.html
INFO:root:[FAILED TO BOXSCORE DATA]: https://www.basketball-reference.com/boxscores/?month=11&day=29&year=2018
INFO:root:[FAILED TO BOXSCORE DATA]: https://www.basketball-reference.com/boxscores/201811280POR.html
INFO:root:[FAILED TO BOXSCORE DATA]: https://www.basketball-reference.com/boxscores/?month=11&day=29&year=2018
INFO:root:[FAILED TO BOXSCORE DATA]: https://www.basketball-reference.com/boxscores/201811280POR.html
INFO:root:[FAILED TO BOXSCORE DATA]: https://www.basketball-reference.com/boxscores/?month=11&day=29&year=2018
INFO:root:[FAILED TO BOXSCORE DATA]: https://www.basketball-reference.com/boxscores/201811280POR.html
INFO:root:[FAILED TO BOXSCORE DATA]: https://www.basketball-reference.com/boxscores/?month=11&day=29&year=2018
INFO:root:[FAILED TO BOXSCORE DATA]: https://www.basketball-reference.com/boxscores/201811280POR.html
INFO:root:[FAILED TO BOXSCORE DATA]: https://www.basketball-reference.com/boxscores/?month=11&day=29&year=2018
INFO:root:[FAILED TO BOXSCORE DATA]: https://www.basketball-reference.com/boxscores/201811280POR.html
INFO:root:[FAILED TO BOXSCORE DATA]: https://www.basketball-reference.com/boxscores/?month=11&day=29&year=2018
INFO:root:[FAILED TO BOXSCORE DATA]: https://www.basketball-reference.com/boxscores/201811280POR.html
INFO:root:[FAILED TO BOXSCORE DATA]: https://www.basketball-reference.com/boxscores/?month=11&day=29&year=2018
INFO:root:[FAILED TO BOXSCORE DATA]: https://www.basketball-reference.com/boxscores/201811280POR.html
INFO:root:[FAILED TO BOXSCORE DATA]: https://www.basketball-reference.com/boxscores/?month=11&day=29&year=2018
INFO:root:[FAILED TO BOXSCORE DATA]: https://www.basketball-reference.com/boxscores/201811280POR.html
INFO:root:[FAILED TO BOXSCORE DATA]: https://www.basketball-reference.com/boxscores/?month=11&day=29&year=2018
INFO:root:[FAILED TO BOXSCORE DATA]: https://www.basketball-reference.com/boxscores/201811280POR.html
INFO:root:[FAILED TO BOXSCORE DATA]: https://www.basketball-reference.com/boxscores/?month=11&day=29&year=2018
INFO:root:[FAILED TO BOXSCORE DATA]: https://www.basketball-reference.com/boxscores/201811280POR.html
INFO:root:[FAILED TO BOXSCORE DATA]: https://www.basketball-reference.com/boxscores/?month=11&day=29&year=2018
INFO:root:[FAILED TO BOXSCORE DATA]: https://www.basketball-reference.com/boxscores/201811280POR.html
INFO:root:[FAILED TO BOXSCORE DATA]: https://www.basketball-reference.com/boxscores/?month=11&day=29&year=2018
INFO:root:[FAILED TO BOXSCORE DATA]: https://www.basketball-reference.com/boxscores/201811280POR.html
INFO:root:[FAILED TO BOXSCORE DATA]: https://www.basketball-reference.com/boxscores/?month=11&day=29&year=2018
INFO:root:[FAILED TO BOXSCORE DATA]: https://www.basketball-reference.com/boxscores/201811280POR.html
INFO:root:[FAILED TO BOXSCORE DATA]: https://www.basketball-reference.com/boxscores/?month=11&day=29&year=2018
INFO:root:[FAILED TO BOXSCORE DATA]: https://www.basketball-reference.com/boxscores/201811280POR.html
INFO:root:[FAILED TO BOXSCORE DATA]: https://www.basketball-reference.com/boxscores/?month=11&day=29&year=2018
INFO:root:[FAILED TO BOXSCORE DATA]: https://www.basketball-reference.com/boxscores/201811280POR.html
INFO:root:[FAILED TO BOXSCORE DATA]: https://www.basketball-reference.com/boxscores/?month=11&day=29&year=2018
INFO:root:[FAILED TO BOXSCORE DATA]: https://www.basketball-reference.com/boxscores/201811280POR.html
INFO:root:[FAILED TO BOXSCORE DATA]: https://www.basketball-reference.com/boxscores/?month=11&day=29&year=2018
INFO:root:[FAILED TO BOXSCORE DATA]: https://www.basketball-reference.com/boxscores/201811280POR.html
INFO:root:[FAILED TO BOXSCORE DATA]: https://www.basketball-reference.com/boxscores/?month=11&day=29&year=2018
INFO:root:[FAILED TO BOXSCORE DATA]: https://www.basketball-reference.com/boxscores/201811280POR.html
INFO:root:[FAILED TO BOXSCORE DATA]: https://www.basketball-reference.com/boxscores/?month=11&day=29&year=2018
INFO:root:[FAILED TO BOXSCORE DATA]: https://www.basketball-reference.com/boxscores/201811280POR.html
INFO:root:[FAILED TO BOXSCORE DATA]: https://www.basketball-reference.com/boxscores/?month=11&day=29&year=2018
INFO:root:[FAILED TO BOXSCORE DATA]: https://www.basketball-reference.com/boxscores/201811280POR.html
INFO:root:[FAILED TO BOXSCORE DATA]: https://www.basketball-reference.com/boxscores/?month=11&day=29&year=2018
INFO:root:[FAILED TO BOXSCORE DATA]: https://www.basketball-reference.com/boxscores/201811280POR.html
INFO:root:[FAILED TO BOXSCORE DATA]: https://www.basketball-reference.com/boxscores/?month=11&day=29&year=2018
INFO:root:[FAILED TO BOXSCORE DATA]: https://www.basketball-reference.com/boxscores/201811280POR.html
INFO:root:[FAILED TO BOXSCORE DATA]: https://www.basketball-reference.com/boxscores/?month=11&day=29&year=2018
INFO:root:[FAILED TO BOXSCORE DATA]: https://www.basketball-reference.com/boxscores/201811280POR.html
INFO:root:[FAILED TO BOXSCORE DATA]: https://www.basketball-reference.com/boxscores/?month=11&day=29&year=2018
INFO:root:[FAILED TO BOXSCORE DATA]: https://www.basketball-reference.com/boxscores/201811280POR.html
INFO:root:[FAILED TO BOXSCORE DATA]: https://www.basketball-reference.com/boxscores/?month=11&day=29&year=2018
INFO:root:[FAILED TO BOXSCORE DATA]: https://www.basketball-reference.com/boxscores/201811280POR.html
INFO:root:[FAILED TO BOXSCORE DATA]: https://www.basketball-reference.com/boxscores/?month=11&day=29&year=2018
INFO:root:[FAILED TO BOXSCORE DATA]: https://www.basketball-reference.com/boxscores/201811280POR.html
INFO:root:[FAILED TO BOXSCORE DATA]: https://www.basketball-reference.com/boxscores/?month=11&day=29&year=2018
INFO:root:[FAILED TO BOXSCORE DATA]: https://www.basketball-reference.com/boxscores/201811280POR.html
INFO:root:[FAILED TO BOXSCORE DATA]: https://www.basketball-reference.com/boxscores/?month=11&day=29&year=2018
INFO:root:[FAILED TO BOXSCORE DATA]: https://www.basketball-reference.com/boxscores/201811280POR.html
INFO:root:[FAILED TO BOXSCORE DATA]: https://www.basketball-reference.com/boxscores/?month=11&day=29&year=2018
INFO:root:[FAILED TO BOXSCORE DATA]: https://www.basketball-reference.com/boxscores/201811280POR.html
INFO:root:[FAILED TO BOXSCORE DATA]: https://www.basketball-reference.com/boxscores/?month=11&day=29&year=2018
INFO:root:[FAILED TO BOXSCORE DATA]: https://www.basketball-reference.com/boxscores/201811280POR.html
INFO:root:[FAILED TO BOXSCORE DATA]: https://www.basketball-reference.com/boxscores/?month=11&day=29&year=2018
INFO:root:[FAILED TO BOXSCORE DATA]: https://www.basketball-reference.com/boxscores/201811280POR.html
INFO:root:[FAILED TO BOXSCORE DATA]: https://www.basketball-reference.com/boxscores/?month=11&day=29&year=2018
INFO:root:[FAILED TO BOXSCORE DATA]: https://www.basketball-reference.com/boxscores/201811280POR.html
INFO:root:[FAILED TO BOXSCORE DATA]: https://www.basketball-reference.com/boxscores/?month=11&day=29&year=2018
INFO:root:[FAILED TO BOXSCORE DATA]: https://www.basketball-reference.com/boxscores/201811280POR.html
INFO:root:[FAILED TO BOXSCORE DATA]: https://www.basketball-reference.com/boxscores/?month=11&day=29&year=2018
INFO:root:[FAILED TO BOXSCORE DATA]: https://www.basketball-reference.com/boxscores/201811280POR.html
INFO:root:[FAILED TO BOXSCORE DATA]: https://www.basketball-reference.com/boxscores/?month=11&day=29&year=2018
INFO:root:[FAILED TO BOXSCORE DATA]: https://www.basketball-reference.com/boxscores/201811280POR.html
INFO:root:[FAILED TO BOXSCORE DATA]: https://www.basketball-reference.com/boxscores/?month=11&day=29&year=2018
INFO:root:[FAILED TO BOXSCORE DATA]: https://www.basketball-reference.com/boxscores/201811280POR.html
INFO:root:[FAILED TO BOXSCORE DATA]: https://www.basketball-reference.com/boxscores/?month=11&day=29&year=2018
INFO:root:[FAILED TO BOXSCORE DATA]: https://www.basketball-reference.com/boxscores/201811280POR.html
INFO:root:[FAILED TO BOXSCORE DATA]: https://www.basketball-reference.com/boxscores/?month=11&day=29&year=2018
INFO:root:[FAILED TO BOXSCORE DATA]: https://www.basketball-reference.com/boxscores/201811280POR.html
INFO:root:[FAILED TO BOXSCORE DATA]: https://www.basketball-reference.com/boxscores/?month=11&day=29&year=2018
INFO:root:[FAILED TO BOXSCORE DATA]: https://www.basketball-reference.com/boxscores/201811280POR.html
INFO:root:[FAILED TO BOXSCORE DATA]: https://www.basketball-reference.com/boxscores/?month=11&day=29&year=2018
INFO:root:[FAILED TO BOXSCORE DATA]: https://www.basketball-reference.com/boxscores/201811280POR.html
INFO:root:[FAILED TO BOXSCORE DATA]: https://www.basketball-reference.com/boxscores/?month=11&day=29&year=2018
INFO:root:[FAILED TO BOXSCORE DATA]: https://www.basketball-reference.com/boxscores/201811280POR.html
INFO:root:[FAILED TO BOXSCORE DATA]: https://www.basketball-reference.com/boxscores/?month=11&day=29&year=2018
INFO:root:[FAILED TO BOXSCORE DATA]: https://www.basketball-reference.com/boxscores/201811280POR.html
INFO:root:[FAILED TO BOXSCORE DATA]: https://www.basketball-reference.com/boxscores/?month=11&day=29&year=2018
INFO:root:[FAILED TO BOXSCORE DATA]: https://www.basketball-reference.com/boxscores/201811280POR.html
INFO:root:[FAILED TO BOXSCORE DATA]: https://www.basketball-reference.com/boxscores/?month=11&day=29&year=2018
INFO:root:[FAILED TO BOXSCORE DATA]: https://www.basketball-reference.com/boxscores/201811280POR.html
INFO:root:[FAILED TO BOXSCORE DATA]: https://www.basketball-reference.com/boxscores/?month=11&day=29&year=2018
INFO:root:[FAILED TO BOXSCORE DATA]: https://www.basketball-reference.com/boxscores/201811280POR.html
INFO:root:[FAILED TO BOXSCORE DATA]: https://www.basketball-reference.com/boxscores/?month=11&day=29&year=2018
INFO:root:[FAILED TO BOXSCORE DATA]: https://www.basketball-reference.com/boxscores/201811280POR.html
INFO:root:[FAILED TO BOXSCORE DATA]: https://www.basketball-reference.com/boxscores/?month=11&day=29&year=2018
INFO:root:[FAILED TO BOXSCORE DATA]: https://www.basketball-reference.com/boxscores/201811280POR.html
INFO:root:[FAILED TO BOXSCORE DATA]: https://www.basketball-reference.com/boxscores/?month=11&day=29&year=2018
INFO:root:[FAILED TO BOXSCORE DATA]: https://www.basketball-reference.com/boxscores/201811280POR.html
INFO:root:[FAILED TO BOXSCORE DATA]: https://www.basketball-reference.com/boxscores/?month=11&day=29&year=2018
INFO:root:[FAILED TO BOXSCORE DATA]: https://www.basketball-reference.com/boxscores/201811280POR.html
INFO:root:[FAILED TO BOXSCORE DATA]: https://www.basketball-reference.com/boxscores/?month=11&day=29&year=2018
INFO:root:[FAILED TO BOXSCORE DATA]: https://www.basketball-reference.com/boxscores/201811280POR.html
INFO:root:[FAILED TO BOXSCORE DATA]: https://www.basketball-reference.com/boxscores/?month=11&day=29&year=2018
INFO:root:[FAILED TO BOXSCORE DATA]: https://www.basketball-reference.com/boxscores/201811280POR.html
INFO:root:[FAILED TO BOXSCORE DATA]: https://www.basketball-reference.com/boxscores/?month=11&day=29&year=2018
INFO:root:[FAILED TO BOXSCORE DATA]: https://www.basketball-reference.com/boxscores/201811280POR.html
INFO:root:[FAILED TO BOXSCORE DATA]: https://www.basketball-reference.com/boxscores/?month=11&day=29&year=2018
INFO:root:[FAILED TO BOXSCORE DATA]: https://www.basketball-reference.com/boxscores/201811280POR.html
INFO:root:[FAILED TO BOXSCORE DATA]: https://www.basketball-reference.com/boxscores/?month=11&day=29&year=2018
INFO:root:[FAILED TO BOXSCORE DATA]: https://www.basketball-reference.com/boxscores/201811280POR.html
INFO:root:[FAILED TO BOXSCORE DATA]: https://www.basketball-reference.com/boxscores/?month=11&day=29&year=2018
INFO:root:[FAILED TO BOXSCORE DATA]: https://www.basketball-reference.com/boxscores/201811280POR.html
INFO:root:[FAILED TO BOXSCORE DATA]: https://www.basketball-reference.com/boxscores/?month=11&day=29&year=2018
INFO:root:[FAILED TO BOXSCORE DATA]: https://www.basketball-reference.com/boxscores/201811280POR.html
INFO:root:[FAILED TO BOXSCORE DATA]: https://www.basketball-reference.com/boxscores/?month=11&day=29&year=2018
INFO:root:[FAILED TO BOXSCORE DATA]: https://www.basketball-reference.com/boxscores/201811280POR.html
INFO:root:[FAILED TO BOXSCORE DATA]: https://www.basketball-reference.com/boxscores/?month=11&day=29&year=2018
INFO:root:[FAILED TO BOXSCORE DATA]: https://www.basketball-reference.com/boxscores/201811280POR.html
INFO:root:[FAILED TO BOXSCORE DATA]: https://www.basketball-reference.com/boxscores/?month=11&day=29&year=2018
INFO:root:[FAILED TO BOXSCORE DATA]: https://www.basketball-reference.com/boxscores/201811280POR.html
INFO:root:[FAILED TO BOXSCORE DATA]: https://www.basketball-reference.com/boxscores/?month=11&day=29&year=2018
INFO:root:[FAILED TO BOXSCORE DATA]: https://www.basketball-reference.com/boxscores/201811280POR.html
INFO:root:[FAILED TO BOXSCORE DATA]: https://www.basketball-reference.com/boxscores/?month=11&day=29&year=2018
INFO:root:[FAILED TO BOXSCORE DATA]: https://www.basketball-reference.com/boxscores/201811280POR.html
INFO:root:[FAILED TO BOXSCORE DATA]: https://www.basketball-reference.com/boxscores/?month=11&day=29&year=2018
INFO:root:[FAILED TO BOXSCORE DATA]: https://www.basketball-reference.com/boxscores/201811280POR.html
INFO:root:[FAILED TO BOXSCORE DATA]: https://www.basketball-reference.com/boxscores/?month=11&day=29&year=2018
INFO:root:[FAILED TO BOXSCORE DATA]: https://www.basketball-reference.com/boxscores/201811280POR.html
INFO:root:[FAILED TO BOXSCORE DATA]: https://www.basketball-reference.com/boxscores/?month=11&day=29&year=2018
INFO:root:[FAILED TO BOXSCORE DATA]: https://www.basketball-reference.com/boxscores/201811280POR.html
INFO:root:[FAILED TO BOXSCORE DATA]: https://www.basketball-reference.com/boxscores/?month=11&day=29&year=2018
INFO:root:[FAILED TO BOXSCORE DATA]: https://www.basketball-reference.com/boxscores/201811280POR.html
INFO:root:[FAILED TO BOXSCORE DATA]: https://www.basketball-reference.com/boxscores/?month=11&day=29&year=2018
INFO:root:[FAILED TO BOXSCORE DATA]: https://www.basketball-reference.com/boxscores/201811280POR.html
INFO:root:[FAILED TO BOXSCORE DATA]: https://www.basketball-reference.com/boxscores/?month=11&day=29&year=2018
INFO:root:[FAILED TO BOXSCORE DATA]: https://www.basketball-reference.com/boxscores/201811280POR.html
INFO:root:[FAILED TO BOXSCORE DATA]: https://www.basketball-reference.com/boxscores/?month=11&day=29&year=2018
INFO:root:[FAILED TO BOXSCORE DATA]: https://www.basketball-reference.com/boxscores/201811280POR.html
INFO:root:[FAILED TO BOXSCORE DATA]: https://www.basketball-reference.com/boxscores/?month=11&day=29&year=2018
INFO:root:[FAILED TO BOXSCORE DATA]: https://www.basketball-reference.com/boxscores/201811280POR.html
INFO:root:[FAILED TO BOXSCORE DATA]: https://www.basketball-reference.com/boxscores/?month=11&day=29&year=2018
INFO:root:[FAILED TO BOXSCORE DATA]: https://www.basketball-reference.com/boxscores/201811280POR.html
INFO:root:[FAILED TO BOXSCORE DATA]: https://www.basketball-reference.com/boxscores/?month=11&day=29&year=2018
INFO:root:[FAILED TO BOXSCORE DATA]: https://www.basketball-reference.com/boxscores/201811280POR.html
INFO:root:[FAILED TO BOXSCORE DATA]: https://www.basketball-reference.com/boxscores/?month=11&day=29&year=2018
INFO:root:[FAILED TO BOXSCORE DATA]: https://www.basketball-reference.com/boxscores/201811280POR.html
INFO:root:[FAILED TO BOXSCORE DATA]: https://www.basketball-reference.com/boxscores/?month=11&day=29&year=2018
INFO:root:[FAILED TO BOXSCORE DATA]: https://www.basketball-reference.com/boxscores/201811280POR.html
INFO:root:[FAILED TO BOXSCORE DATA]: https://www.basketball-reference.com/boxscores/?month=11&day=29&year=2018
INFO:root:[FAILED TO BOXSCORE DATA]: https://www.basketball-reference.com/boxscores/201811280POR.html
INFO:root:[FAILED TO BOXSCORE DATA]: https://www.basketball-reference.com/boxscores/?month=11&day=29&year=2018
INFO:root:[FAILED TO BOXSCORE DATA]: https://www.basketball-reference.com/boxscores/201811280POR.html
INFO:root:[FAILED TO BOXSCORE DATA]: https://www.basketball-reference.com/boxscores/?month=11&day=29&year=2018
INFO:root:[FAILED TO BOXSCORE DATA]: https://www.basketball-reference.com/boxscores/201811280POR.html
INFO:root:[FAILED TO BOXSCORE DATA]: https://www.basketball-reference.com/boxscores/?month=11&day=29&year=2018
INFO:root:[FAILED TO BOXSCORE DATA]: https://www.basketball-reference.com/boxscores/201811280POR.html
INFO:root:[FAILED TO BOXSCORE DATA]: https://www.basketball-reference.com/boxscores/?month=11&day=29&year=2018
INFO:root:[FAILED TO BOXSCORE DATA]: https://www.basketball-reference.com/boxscores/201811280POR.html
INFO:root:[FAILED TO BOXSCORE DATA]: https://www.basketball-reference.com/boxscores/?month=11&day=29&year=2018
INFO:root:[FAILED TO BOXSCORE DATA]: https://www.basketball-reference.com/boxscores/201811280POR.html
INFO:root:[FAILED TO BOXSCORE DATA]: https://www.basketball-reference.com/boxscores/?month=11&day=29&year=2018
INFO:root:[FAILED TO BOXSCORE DATA]: https://www.basketball-reference.com/boxscores/201811280POR.html
INFO:root:[FAILED TO BOXSCORE DATA]: https://www.basketball-reference.com/boxscores/?month=11&day=29&year=2018
INFO:root:[FAILED TO BOXSCORE DATA]: https://www.basketball-reference.com/boxscores/201811280POR.html
INFO:root:[FAILED TO BOXSCORE DATA]: https://www.basketball-reference.com/boxscores/?month=11&day=29&year=2018
INFO:root:[FAILED TO BOXSCORE DATA]: https://www.basketball-reference.com/boxscores/201811280POR.html
INFO:root:[FAILED TO BOXSCORE DATA]: https://www.basketball-reference.com/boxscores/?month=11&day=29&year=2018
INFO:root:[FAILED TO BOXSCORE DATA]: https://www.basketball-reference.com/boxscores/201811280POR.html
INFO:root:[FAILED TO BOXSCORE DATA]: https://www.basketball-reference.com/boxscores/?month=11&day=29&year=2018
INFO:root:[FAILED TO BOXSCORE DATA]: https://www.basketball-reference.com/boxscores/201811280POR.html
INFO:root:[FAILED TO BOXSCORE DATA]: https://www.basketball-reference.com/boxscores/?month=11&day=29&year=2018
INFO:root:[FAILED TO BOXSCORE DATA]: https://www.basketball-reference.com/boxscores/201811280POR.html
INFO:root:[FAILED TO BOXSCORE DATA]: https://www.basketball-reference.com/boxscores/?month=11&day=29&year=2018
INFO:root:[FAILED TO BOXSCORE DATA]: https://www.basketball-reference.com/boxscores/201811280POR.html
INFO:root:[FAILED TO BOXSCORE DATA]: https://www.basketball-reference.com/boxscores/?month=11&day=29&year=2018
INFO:root:[FAILED TO BOXSCORE DATA]: https://www.basketball-reference.com/boxscores/201811280POR.html
INFO:root:[FAILED TO BOXSCORE DATA]: https://www.basketball-reference.com/boxscores/?month=11&day=29&year=2018
INFO:root:[FAILED TO BOXSCORE DATA]: https://www.basketball-reference.com/boxscores/201811280POR.html
INFO:root:[FAILED TO BOXSCORE DATA]: https://www.basketball-reference.com/boxscores/?month=11&day=29&year=2018
INFO:root:[FAILED TO BOXSCORE DATA]: https://www.basketball-reference.com/boxscores/201811280POR.html
INFO:root:[FAILED TO BOXSCORE DATA]: https://www.basketball-reference.com/boxscores/?month=11&day=29&year=2018
INFO:root:[FAILED TO BOXSCORE DATA]: https://www.basketball-reference.com/boxscores/201811280POR.html
INFO:root:[FAILED TO BOXSCORE DATA]: https://www.basketball-reference.com/boxscores/?month=11&day=29&year=2018
INFO:root:[FAILED TO BOXSCORE DATA]: https://www.basketball-reference.com/boxscores/201811280POR.html
INFO:root:[FAILED TO BOXSCORE DATA]: https://www.basketball-reference.com/boxscores/?month=11&day=29&year=2018
INFO:root:[FAILED TO BOXSCORE DATA]: https://www.basketball-reference.com/boxscores/201811280POR.html
INFO:root:[FAILED TO BOXSCORE DATA]: https://www.basketball-reference.com/boxscores/?month=11&day=29&year=2018
INFO:root:[FAILED TO BOXSCORE DATA]: https://www.basketball-reference.com/boxscores/201811280POR.html
INFO:root:[FAILED TO BOXSCORE DATA]: https://www.basketball-reference.com/boxscores/?month=11&day=29&year=2018
INFO:root:[FAILED TO BOXSCORE DATA]: https://www.basketball-reference.com/boxscores/?month=11&day=29&year=2018
INFO:root:[FAILED TO BOXSCORE DATA]: https://www.basketball-reference.com/boxscores/201811280POR.html
INFO:root:[FAILED TO BOXSCORE DATA]: https://www.basketball-reference.com/boxscores/?month=11&day=29&year=2018
INFO:root:[FAILED TO BOXSCORE DATA]: https://www.basketball-reference.com/boxscores/201811280POR.html
INFO:root:[FAILED TO BOXSCORE DATA]: https://www.basketball-reference.com/boxscores/?month=11&day=29&year=2018
INFO:root:[FAILED TO BOXSCORE DATA]: https://www.basketball-reference.com/boxscores/201811280POR.html
INFO:root:[FAILED TO BOXSCORE DATA]: https://www.basketball-reference.com/boxscores/?month=11&day=29&year=2018
INFO:root:[FAILED TO BOXSCORE DATA]: https://www.basketball-reference.com/boxscores/201811280POR.html
INFO:root:[FAILED TO BOXSCORE DATA]: https://www.basketball-reference.com/boxscores/?month=11&day=29&year=2018
INFO:root:[FAILED TO BOXSCORE DATA]: https://www.basketball-reference.com/boxscores/201811280POR.html
INFO:root:[FAILED TO BOXSCORE DATA]: https://www.basketball-reference.com/boxscores/?month=11&day=29&year=2018
INFO:root:[FAILED TO BOXSCORE DATA]: https://www.basketball-reference.com/boxscores/201811280POR.html
INFO:root:[FAILED TO BOXSCORE DATA]: https://www.basketball-reference.com/boxscores/?month=11&day=29&year=2018
INFO:root:[FAILED TO BOXSCORE DATA]: https://www.basketball-reference.com/boxscores/201811280POR.html
INFO:root:[FAILED TO BOXSCORE DATA]: https://www.basketball-reference.com/boxscores/?month=11&day=29&year=2018
INFO:root:[FAILED TO BOXSCORE DATA]: https://www.basketball-reference.com/boxscores/201811280POR.html
INFO:root:[FAILED TO BOXSCORE DATA]: https://www.basketball-reference.com/boxscores/?month=11&day=29&year=2018
INFO:root:[FAILED TO BOXSCORE DATA]: https://www.basketball-reference.com/boxscores/201811280POR.html
INFO:root:[FAILED TO BOXSCORE DATA]: https://www.basketball-reference.com/boxscores/?month=11&day=29&year=2018
INFO:root:[FAILED TO BOXSCORE DATA]: https://www.basketball-reference.com/boxscores/201811280POR.html
INFO:root:[FAILED TO BOXSCORE DATA]: https://www.basketball-reference.com/boxscores/?month=11&day=29&year=2018
INFO:root:[FAILED TO BOXSCORE DATA]: https://www.basketball-reference.com/boxscores/201811280POR.html
INFO:root:[FAILED TO BOXSCORE DATA]: https://www.basketball-reference.com/boxscores/?month=11&day=29&year=2018
INFO:root:[FAILED TO BOXSCORE DATA]: https://www.basketball-reference.com/boxscores/201811280POR.html
INFO:root:[FAILED TO BOXSCORE DATA]: https://www.basketball-reference.com/boxscores/?month=11&day=29&year=2018
INFO:root:[FAILED TO BOXSCORE DATA]: https://www.basketball-reference.com/boxscores/201811280POR.html
INFO:root:[FAILED TO BOXSCORE DATA]: https://www.basketball-reference.com/boxscores/?month=11&day=29&year=2018
INFO:root:[FAILED TO BOXSCORE DATA]: https://www.basketball-reference.com/boxscores/201811280POR.html
INFO:root:[FAILED TO BOXSCORE DATA]: https://www.basketball-reference.com/boxscores/?month=11&day=29&year=2018
INFO:root:[FAILED TO BOXSCORE DATA]: https://www.basketball-reference.com/boxscores/201811280POR.html
INFO:root:[FAILED TO BOXSCORE DATA]: https://www.basketball-reference.com/boxscores/?month=11&day=29&year=2018
INFO:root:[FAILED TO BOXSCORE DATA]: https://www.basketball-reference.com/boxscores/201811280POR.html
INFO:root:[FAILED TO BOXSCORE DATA]: https://www.basketball-reference.com/boxscores/?month=11&day=29&year=2018
INFO:root:[FAILED TO BOXSCORE DATA]: https://www.basketball-reference.com/boxscores/201811280POR.html
INFO:root:[FAILED TO BOXSCORE DATA]: https://www.basketball-reference.com/boxscores/?month=11&day=29&year=2018
INFO:root:[FAILED TO BOXSCORE DATA]: https://www.basketball-reference.com/boxscores/201811280POR.html
INFO:root:[FAILED TO BOXSCORE DATA]: https://www.basketball-reference.com/boxscores/?month=11&day=29&year=2018
INFO:root:[FAILED TO BOXSCORE DATA]: https://www.basketball-reference.com/boxscores/201811280POR.html
INFO:root:[FAILED TO BOXSCORE DATA]: https://www.basketball-reference.com/boxscores/?month=11&day=29&year=2018
INFO:root:[FAILED TO BOXSCORE DATA]: https://www.basketball-reference.com/boxscores/201811280POR.html
INFO:root:[FAILED TO BOXSCORE DATA]: https://www.basketball-reference.com/boxscores/?month=11&day=29&year=2018
INFO:root:[FAILED TO BOXSCORE DATA]: https://www.basketball-reference.com/boxscores/201811280POR.html
INFO:root:[FAILED TO BOXSCORE DATA]: https://www.basketball-reference.com/boxscores/?month=11&day=29&year=2018
INFO:root:[FAILED TO BOXSCORE DATA]: https://www.basketball-reference.com/boxscores/201811280POR.html
INFO:root:[FAILED TO BOXSCORE DATA]: https://www.basketball-reference.com/boxscores/?month=11&day=29&year=2018
INFO:root:[FAILED TO BOXSCORE DATA]: https://www.basketball-reference.com/boxscores/201811280POR.html
INFO:root:[FAILED TO BOXSCORE DATA]: https://www.basketball-reference.com/boxscores/?month=11&day=29&year=2018
INFO:root:[FAILED TO BOXSCORE DATA]: https://www.basketball-reference.com/boxscores/201811280POR.html
INFO:root:[FAILED TO BOXSCORE DATA]: https://www.basketball-reference.com/boxscores/?month=11&day=29&year=2018
INFO:root:[FAILED TO BOXSCORE DATA]: https://www.basketball-reference.com/boxscores/201811280POR.html
INFO:root:[FAILED TO BOXSCORE DATA]: https://www.basketball-reference.com/boxscores/?month=11&day=29&year=2018
INFO:root:[FAILED TO BOXSCORE DATA]: https://www.basketball-reference.com/boxscores/201811280POR.html
INFO:root:[FAILED TO BOXSCORE DATA]: https://www.basketball-reference.com/boxscores/?month=11&day=29&year=2018
INFO:root:[FAILED TO BOXSCORE DATA]: https://www.basketball-reference.com/boxscores/201811280POR.html
INFO:root:[FAILED TO BOXSCORE DATA]: https://www.basketball-reference.com/boxscores/?month=11&day=29&year=2018
INFO:root:[FAILED TO BOXSCORE DATA]: https://www.basketball-reference.com/boxscores/201811280POR.html
INFO:root:[FAILED TO BOXSCORE DATA]: https://www.basketball-reference.com/boxscores/?month=11&day=29&year=2018
INFO:root:[FAILED TO BOXSCORE DATA]: https://www.basketball-reference.com/boxscores/201811280POR.html
INFO:root:[FAILED TO BOXSCORE DATA]: https://www.basketball-reference.com/boxscores/?month=11&day=29&year=2018
INFO:root:[FAILED TO BOXSCORE DATA]: https://www.basketball-reference.com/boxscores/201811280POR.html
INFO:root:[FAILED TO BOXSCORE DATA]: https://www.basketball-reference.com/boxscores/?month=11&day=29&year=2018
INFO:root:[FAILED TO BOXSCORE DATA]: https://www.basketball-reference.com/boxscores/201811280POR.html
INFO:root:[FAILED TO BOXSCORE DATA]: https://www.basketball-reference.com/boxscores/?month=11&day=29&year=2018
INFO:root:[FAILED TO BOXSCORE DATA]: https://www.basketball-reference.com/boxscores/201811280POR.html
INFO:root:[FAILED TO BOXSCORE DATA]: https://www.basketball-reference.com/boxscores/?month=11&day=29&year=2018
INFO:root:[FAILED TO BOXSCORE DATA]: https://www.basketball-reference.com/boxscores/201811280POR.html
INFO:root:[FAILED TO BOXSCORE DATA]: https://www.basketball-reference.com/boxscores/?month=11&day=29&year=2018
INFO:root:[FAILED TO BOXSCORE DATA]: https://www.basketball-reference.com/boxscores/201811280POR.html
INFO:root:[FAILED TO BOXSCORE DATA]: https://www.basketball-reference.com/boxscores/?month=11&day=29&year=2018
INFO:root:[FAILED TO BOXSCORE DATA]: https://www.basketball-reference.com/boxscores/201811280POR.html
INFO:root:[FAILED TO BOXSCORE DATA]: https://www.basketball-reference.com/boxscores/?month=11&day=29&year=2018
INFO:root:[FAILED TO BOXSCORE DATA]: https://www.basketball-reference.com/boxscores/201811280POR.html
INFO:root:[FAILED TO BOXSCORE DATA]: https://www.basketball-reference.com/boxscores/?month=11&day=29&year=2018
INFO:root:[FAILED TO BOXSCORE DATA]: https://www.basketball-reference.com/boxscores/201811280POR.html
INFO:root:[FAILED TO BOXSCORE DATA]: https://www.basketball-reference.com/boxscores/?month=11&day=29&year=2018
INFO:root:[FAILED TO BOXSCORE DATA]: https://www.basketball-reference.com/boxscores/201811280POR.html
INFO:root:[FAILED TO BOXSCORE DATA]: https://www.basketball-reference.com/boxscores/?month=11&day=29&year=2018
INFO:root:[FAILED TO BOXSCORE DATA]: https://www.basketball-reference.com/boxscores/201811280POR.html
INFO:root:[FAILED TO BOXSCORE DATA]: https://www.basketball-reference.com/boxscores/?month=11&day=29&year=2018
INFO:root:[FAILED TO BOXSCORE DATA]: https://www.basketball-reference.com/boxscores/201811280POR.html
INFO:root:[FAILED TO BOXSCORE DATA]: https://www.basketball-reference.com/boxscores/?month=11&day=29&year=2018
INFO:root:[FAILED TO BOXSCORE DATA]: https://www.basketball-reference.com/boxscores/201811280POR.html
INFO:root:[FAILED TO BOXSCORE DATA]: https://www.basketball-reference.com/boxscores/?month=11&day=29&year=2018
INFO:root:[FAILED TO BOXSCORE DATA]: https://www.basketball-reference.com/boxscores/201811280POR.html
INFO:root:[FAILED TO BOXSCORE DATA]: https://www.basketball-reference.com/boxscores/?month=11&day=29&year=2018
INFO:root:[FAILED TO BOXSCORE DATA]: https://www.basketball-reference.com/boxscores/201811280POR.html
INFO:root:[FAILED TO BOXSCORE DATA]: https://www.basketball-reference.com/boxscores/?month=11&day=29&year=2018
INFO:root:[FAILED TO BOXSCORE DATA]: https://www.basketball-reference.com/boxscores/201811280POR.html
INFO:root:[FAILED TO BOXSCORE DATA]: https://www.basketball-reference.com/boxscores/?month=11&day=29&year=2018
INFO:root:[FAILED TO BOXSCORE DATA]: https://www.basketball-reference.com/boxscores/201811280POR.html
INFO:root:[FAILED TO BOXSCORE DATA]: https://www.basketball-reference.com/boxscores/?month=11&day=29&year=2018
INFO:root:[FAILED TO BOXSCORE DATA]: https://www.basketball-reference.com/boxscores/201811280POR.html
INFO:root:[FAILED TO BOXSCORE DATA]: https://www.basketball-reference.com/boxscores/?month=11&day=29&year=2018
INFO:root:[FAILED TO BOXSCORE DATA]: https://www.basketball-reference.com/boxscores/201811280POR.html
INFO:root:[FAILED TO BOXSCORE DATA]: https://www.basketball-reference.com/boxscores/?month=11&day=29&year=2018
INFO:root:[FAILED TO BOXSCORE DATA]: https://www.basketball-reference.com/boxscores/201811280POR.html
INFO:root:[FAILED TO BOXSCORE DATA]: https://www.basketball-reference.com/boxscores/?month=11&day=29&year=2018
INFO:root:[FAILED TO BOXSCORE DATA]: https://www.basketball-reference.com/boxscores/201811280POR.html
INFO:root:[FAILED TO BOXSCORE DATA]: https://www.basketball-reference.com/boxscores/?month=11&day=29&year=2018
INFO:root:[FAILED TO BOXSCORE DATA]: https://www.basketball-reference.com/boxscores/201811280POR.html
INFO:root:[FAILED TO BOXSCORE DATA]: https://www.basketball-reference.com/boxscores/?month=11&day=29&year=2018
INFO:root:[FAILED TO BOXSCORE DATA]: https://www.basketball-reference.com/boxscores/201811280POR.html
INFO:root:[FAILED TO BOXSCORE DATA]: https://www.basketball-reference.com/boxscores/?month=11&day=29&year=2018
INFO:root:[FAILED TO BOXSCORE DATA]: https://www.basketball-reference.com/boxscores/201811280POR.html
INFO:root:[FAILED TO BOXSCORE DATA]: https://www.basketball-reference.com/boxscores/?month=11&day=29&year=2018
INFO:root:[FAILED TO BOXSCORE DATA]: https://www.basketball-reference.com/boxscores/201811280POR.html
INFO:root:[FAILED TO BOXSCORE DATA]: https://www.basketball-reference.com/boxscores/?month=11&day=29&year=2018
INFO:root:[FAILED TO BOXSCORE DATA]: https://www.basketball-reference.com/boxscores/201811280POR.html
INFO:root:[FAILED TO BOXSCORE DATA]: https://www.basketball-reference.com/boxscores/?month=11&day=29&year=2018
INFO:root:[FAILED TO BOXSCORE DATA]: https://www.basketball-reference.com/boxscores/201811280POR.html
INFO:root:[FAILED TO BOXSCORE DATA]: https://www.basketball-reference.com/boxscores/?month=11&day=29&year=2018
INFO:root:[FAILED TO BOXSCORE DATA]: https://www.basketball-reference.com/boxscores/201811280POR.html
INFO:root:[FAILED TO BOXSCORE DATA]: https://www.basketball-reference.com/boxscores/?month=11&day=29&year=2018
INFO:root:[FAILED TO BOXSCORE DATA]: https://www.basketball-reference.com/boxscores/201811280POR.html
INFO:root:[FAILED TO BOXSCORE DATA]: https://www.basketball-reference.com/boxscores/?month=11&day=29&year=2018
INFO:root:[FAILED TO BOXSCORE DATA]: https://www.basketball-reference.com/boxscores/201811280POR.html
INFO:root:[FAILED TO BOXSCORE DATA]: https://www.basketball-reference.com/boxscores/?month=11&day=29&year=2018
INFO:root:[FAILED TO BOXSCORE DATA]: https://www.basketball-reference.com/boxscores/?month=11&day=29&year=2018
INFO:root:[FAILED TO BOXSCORE DATA]: https://www.basketball-reference.com/boxscores/201811280POR.html
INFO:root:[FAILED TO BOXSCORE DATA]: https://www.basketball-reference.com/boxscores/?month=11&day=29&year=2018
INFO:root:[FAILED TO BOXSCORE DATA]: https://www.basketball-reference.com/boxscores/201811280POR.html
INFO:root:[FAILED TO BOXSCORE DATA]: https://www.basketball-reference.com/boxscores/?month=11&day=29&year=2018
INFO:root:[FAILED TO BOXSCORE DATA]: https://www.basketball-reference.com/boxscores/201811280POR.html
INFO:root:[FAILED TO BOXSCORE DATA]: https://www.basketball-reference.com/boxscores/?month=11&day=29&year=2018
INFO:root:[FAILED TO BOXSCORE DATA]: https://www.basketball-reference.com/boxscores/201811280POR.html
INFO:root:[FAILED TO BOXSCORE DATA]: https://www.basketball-reference.com/boxscores/?month=11&day=29&year=2018
INFO:root:[FAILED TO BOXSCORE DATA]: https://www.basketball-reference.com/boxscores/201811280POR.html
INFO:root:[FAILED TO BOXSCORE DATA]: https://www.basketball-reference.com/boxscores/?month=11&day=29&year=2018
INFO:root:[FAILED TO BOXSCORE DATA]: https://www.basketball-reference.com/boxscores/201811280POR.html
INFO:root:[FAILED TO BOXSCORE DATA]: https://www.basketball-reference.com/boxscores/?month=11&day=29&year=2018
INFO:root:[FAILED TO BOXSCORE DATA]: https://www.basketball-reference.com/boxscores/201811280POR.html
INFO:root:[FAILED TO BOXSCORE DATA]: https://www.basketball-reference.com/boxscores/?month=11&day=29&year=2018
INFO:root:[FAILED TO BOXSCORE DATA]: https://www.basketball-reference.com/boxscores/201811280POR.html
INFO:root:[FAILED TO BOXSCORE DATA]: https://www.basketball-reference.com/boxscores/?month=11&day=29&year=2018
INFO:root:[FAILED TO BOXSCORE DATA]: https://www.basketball-reference.com/boxscores/201811280POR.html
INFO:root:[FAILED TO BOXSCORE DATA]: https://www.basketball-reference.com/boxscores/?month=11&day=29&year=2018
INFO:root:[FAILED TO BOXSCORE DATA]: https://www.basketball-reference.com/boxscores/201811280POR.html
INFO:root:[FAILED TO BOXSCORE DATA]: https://www.basketball-reference.com/boxscores/?month=11&day=29&year=2018
INFO:root:[FAILED TO BOXSCORE DATA]: https://www.basketball-reference.com/boxscores/201811280POR.html
INFO:root:[FAILED TO BOXSCORE DATA]: https://www.basketball-reference.com/boxscores/?month=11&day=29&year=2018
INFO:root:[FAILED TO BOXSCORE DATA]: https://www.basketball-reference.com/boxscores/201811280POR.html
INFO:root:[FAILED TO BOXSCORE DATA]: https://www.basketball-reference.com/boxscores/?month=11&day=29&year=2018
INFO:root:[FAILED TO BOXSCORE DATA]: https://www.basketball-reference.com/boxscores/201811280POR.html
INFO:root:[FAILED TO BOXSCORE DATA]: https://www.basketball-reference.com/boxscores/?month=11&day=29&year=2018
INFO:root:[FAILED TO BOXSCORE DATA]: https://www.basketball-reference.com/boxscores/201811280POR.html
INFO:root:[FAILED TO BOXSCORE DATA]: https://www.basketball-reference.com/boxscores/201811280POR.html
INFO:root:[FAILED TO BOXSCORE DATA]: https://www.basketball-reference.com/boxscores/201811280POR.html
INFO:root:[FAILED TO BOXSCORE DATA]: https://www.basketball-reference.com/boxscores/201811280POR.html
INFO:root:[FAILED TO BOXSCORE DATA]: https://www.basketball-reference.com/boxscores/201811280POR.html
INFO:root:[FAILED TO BOXSCORE DATA]: https://www.basketball-reference.com/boxscores/201811280POR.html
INFO:root:[FAILED TO BOXSCORE DATA]: https://www.basketball-reference.com/boxscores/201811280POR.html
INFO:root:[FAILED TO BOXSCORE DATA]: https://www.basketball-reference.com/boxscores/201811280POR.html
INFO:root:[FAILED TO BOXSCORE DATA]: https://www.basketball-reference.com/boxscores/201811280POR.html
INFO:root:[FAILED TO BOXSCORE DATA]: https://www.basketball-reference.com/boxscores/201811280POR.html
INFO:root:[FAILED TO BOXSCORE DATA]: https://www.basketball-reference.com/boxscores/201811280POR.html
INFO:root:[FAILED TO BOXSCORE DATA]: https://www.basketball-reference.com/boxscores/201811280POR.html
INFO:root:[FAILED TO BOXSCORE DATA]: https://www.basketball-reference.com/boxscores/201811280POR.html
INFO:root:[FAILED TO BOXSCORE DATA]: https://www.basketball-reference.com/boxscores/201811280POR.html
INFO:root:[FAILED TO BOXSCORE DATA]: https://www.basketball-reference.com/boxscores/201811280POR.html
INFO:root:[FAILED TO BOXSCORE DATA]: https://www.basketball-reference.com/boxscores/201811280POR.html
INFO:root:[FAILED TO BOXSCORE DATA]: https://www.basketball-reference.com/boxscores/201811280POR.html
INFO:root:[FAILED TO BOXSCORE DATA]: https://www.basketball-reference.com/boxscores/201811280POR.html
INFO:root:[FAILED TO BOXSCORE DATA]: https://www.basketball-reference.com/boxscores/201811280POR.html
INFO:root:[FAILED TO BOXSCORE DATA]: https://www.basketball-reference.com/boxscores/201811280POR.html
INFO:root:[FAILED TO BOXSCORE DATA]: https://www.basketball-reference.com/boxscores/201811280POR.html
INFO:root:[FAILED TO BOXSCORE DATA]: https://www.basketball-reference.com/boxscores/201811280POR.html
INFO:root:[FAILED TO BOXSCORE DATA]: https://www.basketball-reference.com/boxscores/201811280POR.html
INFO:root:[FAILED TO BOXSCORE DATA]: https://www.basketball-reference.com/boxscores/201811280POR.html
INFO:root:[FAILED TO BOXSCORE DATA]: https://www.basketball-reference.com/boxscores/201811280POR.html
INFO:root:[FAILED TO BOXSCORE DATA]: https://www.basketball-reference.com/boxscores/201811280POR.html
INFO:root:[FAILED TO BOXSCORE DATA]: https://www.basketball-reference.com/boxscores/201811280POR.html
INFO:root:[FAILED TO BOXSCORE DATA]: https://www.basketball-reference.com/boxscores/201811280POR.html
INFO:root:[FAILED TO BOXSCORE DATA]: https://www.basketball-reference.com/boxscores/201811280POR.html
INFO:root:[FAILED TO BOXSCORE DATA]: https://www.basketball-reference.com/boxscores/201811280POR.html
INFO:root:[FAILED TO BOXSCORE DATA]: https://www.basketball-reference.com/boxscores/201811280POR.html
INFO:root:[FAILED TO BOXSCORE DATA]: https://www.basketball-reference.com/boxscores/201811280POR.html
INFO:root:[FAILED TO BOXSCORE DATA]: https://www.basketball-reference.com/boxscores/201811280POR.html
INFO:root:[FAILED TO BOXSCORE DATA]: https://www.basketball-reference.com/boxscores/201811280POR.html
INFO:root:[FAILED TO BOXSCORE DATA]: https://www.basketball-reference.com/boxscores/201811280POR.html
INFO:root:[FAILED TO BOXSCORE DATA]: https://www.basketball-reference.com/boxscores/201811280POR.html
INFO:root:[FAILED TO BOXSCORE DATA]: https://www.basketball-reference.com/boxscores/201811280POR.html
INFO:root:[FAILED TO BOXSCORE DATA]: https://www.basketball-reference.com/boxscores/201811280POR.html
INFO:root:[FAILED TO BOXSCORE DATA]: https://www.basketball-reference.com/boxscores/201811280POR.html
INFO:root:NBA Reference players incrementals pipeline completed successfully 2018-11-29 08:03:54.587086
INFO:root:Starting NBA Stats incrementals pipeline 2018-11-29 08:03:54.591272
INFO:root:NBA Stats incrementals pipeline completed 2018-11-29 08:04:49.214296
INFO:root:Updating ESPN seasons 2018-11-29 08:04:49.218422
INFO:root:ESPN seasons update completed successfully 2018-11-29 08:04:49.281902
INFO:root:Updating ESPN team names 2018-11-29 08:04:49.283424
INFO:root:ESPN team names update completed successfully 2018-11-29 08:04:50.472602
INFO:root:Beginning NBA Stats team name 2018-11-29 08:04:50.473768
INFO:root:NBA Stats team name update completed successfully 2018-11-29 08:04:52.963409
INFO:root:Beginning NBA Reference player name update 2018-11-29 08:04:52.964905
INFO:root:NBA Reference player name update completed successfully 2018-11-29 08:04:53.319025
INFO:root:Deleting Max season from ESPN tables 2018-11-29 08:04:53.320448
INFO:root:Deletion from ESPN tables complete 2018-11-29 08:04:53.496015
INFO:root:Beginning insert into nba_stats from nba_stats_staging 2018-11-29 08:04:53.497383
INFO:root:Insert completed 2018-11-29 08:04:53.740918
INFO:root:Beginning generation of date lookup table 2018-11-29 08:04:53.742357
INFO:root:Date lookup table generated 2018-11-29 08:06:55.796079
INFO:root:Refreshing active_rosters table 2018-11-29 08:06:55.797758
INFO:root:Active_rosters table refresh complete 2018-11-29 08:07:00.869521
INFO:root:Refreshing injured_players table 2018-11-29 08:07:00.871626
INFO:root:Injured_players table refresh complete 2018-11-29 08:07:05.000392
INFO:root:Dropping nba_stats_test database 2018-11-29 08:07:05.038367
INFO:root:nba_stats_test schema re-created 2018-11-29 08:07:05.152644
INFO:root:Calling liquibase for nba_stats_test refresh 2018-11-29 08:07:05.154328
INFO:root:Incrementials Pipeline completed 2018-11-29 08:15:27.892065
